#
# There is insufficient memory for the Java Runtime Environment to continue.
# Native memory allocation (malloc) failed to allocate 32744 bytes for ChunkPool::allocate
# Possible reasons:
#   The system is out of physical RAM or swap space
#   In 32 bit mode, the process size limit was hit
# Possible solutions:
#   Reduce memory load on the system
#   Increase physical memory or swap space
#   Check if swap backing store is full
#   Use 64 bit Java on a 64 bit OS
#   Decrease Java heap size (-Xmx/-Xms)
#   Decrease number of Java threads
#   Decrease Java thread stack sizes (-Xss)
#   Set larger code cache with -XX:ReservedCodeCacheSize=
# This output file may be truncated or incomplete.
#
#  Out of Memory Error (allocation.cpp:273), pid=6600, tid=0x000000000000160c
#
# JRE version: OpenJDK Runtime Environment (8.0_152-b06) (build 1.8.0_152-release-1136-b06)
# Java VM: OpenJDK 64-Bit Server VM (25.152-b06 mixed mode windows-amd64 compressed oops)
# Failed to write core dump. Minidumps are not enabled by default on client versions of Windows
#

---------------  T H R E A D  ---------------

Current thread (0x0000000016d9e800):  JavaThread "C2 CompilerThread1" daemon [_thread_in_native, id=5644, stack(0x0000000018500000,0x0000000018600000)]

Stack: [0x0000000018500000,0x0000000018600000]
[error occurred during error reporting (printing stack bounds), id 0xc0000005]

Native frames: (J=compiled Java code, j=interpreted, Vv=VM code, C=native code)


Current CompileTask:
C2:  32699 5048       4       java.net.URLClassLoader$1::run (5 bytes)


---------------  P R O C E S S  ---------------

Java Threads: ( => current thread )
  0x000000001a359000 JavaThread "Memory manager" [_thread_blocked, id=6476, stack(0x00000000217f0000,0x00000000218f0000)]
  0x000000001a357800 JavaThread "Build operations Thread 4" [_thread_blocked, id=2864, stack(0x00000000210f0000,0x00000000211f0000)]
  0x000000001a355000 JavaThread "Build operations Thread 3" [_thread_blocked, id=6104, stack(0x0000000020ff0000,0x00000000210f0000)]
  0x000000001a353000 JavaThread "Build operations Thread 2" [_thread_blocked, id=3780, stack(0x0000000020ef0000,0x0000000020ff0000)]
  0x000000001a356000 JavaThread "Build operations" [_thread_blocked, id=5716, stack(0x0000000020df0000,0x0000000020ef0000)]
  0x0000000019340000 JavaThread "Cache worker for Artifact transforms cache (C:\Users\USUARIO\.gradle\caches\transforms-1)" [_thread_blocked, id=6316, stack(0x000000001dc10000,0x000000001dd10000)]
  0x000000001ba20800 JavaThread "Cache worker for file hash cache (C:\Users\USUARIO\Desktop\Testing_App\.gradle\4.6\fileHashes)" [_thread_blocked, id=1120, stack(0x000000001c940000,0x000000001ca40000)]
  0x000000001947c000 JavaThread "File lock request listener" [_thread_in_native, id=7364, stack(0x000000001c840000,0x000000001c940000)]
  0x000000001a3c1800 JavaThread "Cache worker for file hash cache (C:\Users\USUARIO\.gradle\caches\4.6\fileHashes)" [_thread_blocked, id=1256, stack(0x000000001c740000,0x000000001c840000)]
  0x0000000019cb8800 JavaThread "Stdin handler" [_thread_blocked, id=292, stack(0x000000001b470000,0x000000001b570000)]
  0x0000000019cb7800 JavaThread "Asynchronous log dispatcher for DefaultDaemonConnection: socket connection from /127.0.0.1:65027 to /127.0.0.1:65028" [_thread_blocked, id=2768, stack(0x000000001b370000,0x000000001b470000)]
  0x0000000019cd6800 JavaThread "Daemon worker" [_thread_blocked, id=6612, stack(0x000000001b270000,0x000000001b370000)]
  0x0000000019cd5800 JavaThread "Cancel handler" [_thread_blocked, id=7548, stack(0x000000001b170000,0x000000001b270000)]
  0x0000000019c9e000 JavaThread "Handler for socket connection from /127.0.0.1:65027 to /127.0.0.1:65028" [_thread_in_native, id=6508, stack(0x000000001ae70000,0x000000001af70000)]
  0x0000000019c03800 JavaThread "Daemon" [_thread_blocked, id=2348, stack(0x000000001ad70000,0x000000001ae70000)]
  0x0000000019c5a000 JavaThread "Daemon periodic checks" [_thread_blocked, id=4012, stack(0x000000001ac70000,0x000000001ad70000)]
  0x0000000019c4f800 JavaThread "Incoming local TCP Connector on port 65027" [_thread_in_native, id=9032, stack(0x000000001aa10000,0x000000001ab10000)]
  0x0000000016dfe800 JavaThread "Service Thread" daemon [_thread_blocked, id=1596, stack(0x0000000018b00000,0x0000000018c00000)]
  0x0000000016da4800 JavaThread "C1 CompilerThread2" daemon [_thread_in_native, id=8404, stack(0x0000000018600000,0x0000000018700000)]
=>0x0000000016d9e800 JavaThread "C2 CompilerThread1" daemon [_thread_in_native, id=5644, stack(0x0000000018500000,0x0000000018600000)]
  0x0000000016da9800 JavaThread "C2 CompilerThread0" daemon [_thread_in_native, id=3860, stack(0x0000000018400000,0x0000000018500000)]
  0x0000000016da7000 JavaThread "Attach Listener" daemon [_thread_blocked, id=8916, stack(0x0000000018300000,0x0000000018400000)]
  0x0000000016da6000 JavaThread "Signal Dispatcher" daemon [_thread_blocked, id=7332, stack(0x0000000018200000,0x0000000018300000)]
  0x0000000016d8e000 JavaThread "Finalizer" daemon [_thread_blocked, id=3952, stack(0x0000000017ff0000,0x00000000180f0000)]
  0x0000000003422800 JavaThread "Reference Handler" daemon [_thread_blocked, id=5348, stack(0x0000000017ef0000,0x0000000017ff0000)]
  0x0000000003332800 JavaThread "main" [_thread_blocked, id=7752, stack(0x00000000031f0000,0x00000000032f0000)]

Other Threads:
  0x0000000016d65000 VMThread [stack: 0x0000000017df0000,0x0000000017ef0000] [id=1032]
  0x000000001872a800 WatcherThread [stack: 0x0000000018c00000,0x0000000018d00000] [id=8520]

VM state:at safepoint (normal execution)

VM Mutex/Monitor currently owned by a thread:  ([mutex/lock_event])
[0x000000000332cd10] Threads_lock - owner thread: 0x0000000016d65000
[0x000000000332d590] Heap_lock - owner thread: 0x0000000019cd6800

Heap:
 PSYoungGen      total 76288K, used 71964K [0x00000000e0000000, 0x00000000e5a00000, 0x0000000100000000)
  eden space 69632K, 93% used [0x00000000e0000000,0x00000000e3fc88e0,0x00000000e4400000)
  from space 6656K, 99% used [0x00000000e4400000,0x00000000e4a7e8a0,0x00000000e4a80000)
  to   space 8704K, 99% used [0x00000000e5180000,0x00000000e59ff248,0x00000000e5a00000)
 ParOldGen       total 61952K, used 25178K [0x00000000a0000000, 0x00000000a3c80000, 0x00000000e0000000)
  object space 61952K, 40% used [0x00000000a0000000,0x00000000a1896ad0,0x00000000a3c80000)
 Metaspace       used 51106K, capacity 52216K, committed 52440K, reserved 1099776K
  class space    used 6808K, capacity 7138K, committed 7168K, reserved 1048576K

Card table byte_map: [0x00000000127f0000,0x0000000012b00000] byte_map_base: 0x00000000122f0000

Marking Bits: (ParMarkBitMap*) 0x000000005d605aa0
 Begin Bits: [0x0000000013100000, 0x0000000014900000)
 End Bits:   [0x0000000014900000, 0x0000000016100000)

Polling page: 0x0000000001410000

CodeCache: size=245760Kb used=17127Kb max_used=17127Kb free=228632Kb
 bounds [0x0000000003430000, 0x0000000004500000, 0x0000000012430000]
 total_blobs=5468 nmethods=4691 adapters=689
 compilation: enabled

Compilation events (10 events):
Event: 31.356 Thread 0x0000000016da4800 5094   !   3       java.lang.Class::desiredAssertionStatus (54 bytes)
Event: 31.357 Thread 0x0000000016da4800 nmethod 5094 0x00000000044e3610 code [0x00000000044e3840, 0x00000000044e47d8]
Event: 31.359 Thread 0x0000000016da4800 5096       1       javax.xml.namespace.QName::getNamespaceURI (5 bytes)
Event: 31.359 Thread 0x0000000016da4800 nmethod 5096 0x00000000044e4e90 code [0x00000000044e4fe0, 0x00000000044e50f0]
Event: 31.359 Thread 0x0000000016da4800 5098       3       com.sun.xml.bind.v2.util.QNameMap::indexFor (6 bytes)
Event: 31.359 Thread 0x0000000016da4800 nmethod 5098 0x00000000044e5150 code [0x00000000044e52a0, 0x00000000044e53d0]
Event: 31.359 Thread 0x0000000016da4800 5097       1       javax.xml.namespace.QName::getLocalPart (5 bytes)
Event: 31.359 Thread 0x0000000016da4800 nmethod 5097 0x00000000044e5450 code [0x00000000044e55a0, 0x00000000044e56b0]
Event: 31.359 Thread 0x0000000016da4800 5099       1       com.sun.xml.bind.v2.model.impl.TypeRefImpl::getTagName (5 bytes)
Event: 31.359 Thread 0x0000000016da4800 nmethod 5099 0x00000000044e5710 code [0x00000000044e5860, 0x00000000044e5970]

GC Heap History (10 events):
Event: 15.399 GC heap before
{Heap before GC invocations=13 (full 1):
 PSYoungGen      total 55808K, used 53564K [0x00000000e0000000, 0x00000000e4200000, 0x0000000100000000)
  eden space 49664K, 100% used [0x00000000e0000000,0x00000000e3080000,0x00000000e3080000)
  from space 6144K, 63% used [0x00000000e3080000,0x00000000e344f150,0x00000000e3680000)
  to   space 5632K, 0% used [0x00000000e3c80000,0x00000000e3c80000,0x00000000e4200000)
 ParOldGen       total 34816K, used 11568K [0x00000000a0000000, 0x00000000a2200000, 0x00000000e0000000)
  object space 34816K, 33% used [0x00000000a0000000,0x00000000a0b4c310,0x00000000a2200000)
 Metaspace       used 32126K, capacity 32862K, committed 33024K, reserved 1077248K
  class space    used 4325K, capacity 4573K, committed 4608K, reserved 1048576K
Event: 15.407 GC heap after
Heap after GC invocations=13 (full 1):
 PSYoungGen      total 61440K, used 5043K [0x00000000e0000000, 0x00000000e4b00000, 0x0000000100000000)
  eden space 55808K, 0% used [0x00000000e0000000,0x00000000e0000000,0x00000000e3680000)
  from space 5632K, 89% used [0x00000000e3c80000,0x00000000e416cde0,0x00000000e4200000)
  to   space 6144K, 0% used [0x00000000e3680000,0x00000000e3680000,0x00000000e3c80000)
 ParOldGen       total 34816K, used 12661K [0x00000000a0000000, 0x00000000a2200000, 0x00000000e0000000)
  object space 34816K, 36% used [0x00000000a0000000,0x00000000a0c5d520,0x00000000a2200000)
 Metaspace       used 32126K, capacity 32862K, committed 33024K, reserved 1077248K
  class space    used 4325K, capacity 4573K, committed 4608K, reserved 1048576K
}
Event: 20.233 GC heap before
{Heap before GC invocations=14 (full 1):
 PSYoungGen      total 61440K, used 57638K [0x00000000e0000000, 0x00000000e4b00000, 0x0000000100000000)
  eden space 55808K, 94% used [0x00000000e0000000,0x00000000e335cb70,0x00000000e3680000)
  from space 5632K, 89% used [0x00000000e3c80000,0x00000000e416cde0,0x00000000e4200000)
  to   space 6144K, 0% used [0x00000000e3680000,0x00000000e3680000,0x00000000e3c80000)
 ParOldGen       total 34816K, used 12661K [0x00000000a0000000, 0x00000000a2200000, 0x00000000e0000000)
  object space 34816K, 36% used [0x00000000a0000000,0x00000000a0c5d520,0x00000000a2200000)
 Metaspace       used 34482K, capacity 35262K, committed 35416K, reserved 1079296K
  class space    used 4708K, capacity 4968K, committed 4992K, reserved 1048576K
Event: 20.246 GC heap after
Heap after GC invocations=14 (full 1):
 PSYoungGen      total 61952K, used 4855K [0x00000000e0000000, 0x00000000e5100000, 0x0000000100000000)
  eden space 55808K, 0% used [0x00000000e0000000,0x00000000e0000000,0x00000000e3680000)
  from space 6144K, 79% used [0x00000000e3680000,0x00000000e3b3dec0,0x00000000e3c80000)
  to   space 6144K, 0% used [0x00000000e4b00000,0x00000000e4b00000,0x00000000e5100000)
 ParOldGen       total 34816K, used 15181K [0x00000000a0000000, 0x00000000a2200000, 0x00000000e0000000)
  object space 34816K, 43% used [0x00000000a0000000,0x00000000a0ed3540,0x00000000a2200000)
 Metaspace       used 34482K, capacity 35262K, committed 35416K, reserved 1079296K
  class space    used 4708K, capacity 4968K, committed 4992K, reserved 1048576K
}
Event: 20.246 GC heap before
{Heap before GC invocations=15 (full 2):
 PSYoungGen      total 61952K, used 4855K [0x00000000e0000000, 0x00000000e5100000, 0x0000000100000000)
  eden space 55808K, 0% used [0x00000000e0000000,0x00000000e0000000,0x00000000e3680000)
  from space 6144K, 79% used [0x00000000e3680000,0x00000000e3b3dec0,0x00000000e3c80000)
  to   space 6144K, 0% used [0x00000000e4b00000,0x00000000e4b00000,0x00000000e5100000)
 ParOldGen       total 34816K, used 15181K [0x00000000a0000000, 0x00000000a2200000, 0x00000000e0000000)
  object space 34816K, 43% used [0x00000000a0000000,0x00000000a0ed3540,0x00000000a2200000)
 Metaspace       used 34482K, capacity 35262K, committed 35416K, reserved 1079296K
  class space    used 4708K, capacity 4968K, committed 4992K, reserved 1048576K
Event: 20.585 GC heap after
Heap after GC invocations=15 (full 2):
 PSYoungGen      total 61952K, used 0K [0x00000000e0000000, 0x00000000e5100000, 0x0000000100000000)
  eden space 55808K, 0% used [0x00000000e0000000,0x00000000e0000000,0x00000000e3680000)
  from space 6144K, 0% used [0x00000000e3680000,0x00000000e3680000,0x00000000e3c80000)
  to   space 6144K, 0% used [0x00000000e4b00000,0x00000000e4b00000,0x00000000e5100000)
 ParOldGen       total 61952K, used 17117K [0x00000000a0000000, 0x00000000a3c80000, 0x00000000e0000000)
  object space 61952K, 27% used [0x00000000a0000000,0x00000000a10b75b0,0x00000000a3c80000)
 Metaspace       used 34401K, capacity 35094K, committed 35416K, reserved 1079296K
  class space    used 4685K, capacity 4912K, committed 4992K, reserved 1048576K
}
Event: 23.003 GC heap before
{Heap before GC invocations=16 (full 2):
 PSYoungGen      total 61952K, used 55808K [0x00000000e0000000, 0x00000000e5100000, 0x0000000100000000)
  eden space 55808K, 100% used [0x00000000e0000000,0x00000000e3680000,0x00000000e3680000)
  from space 6144K, 0% used [0x00000000e3680000,0x00000000e3680000,0x00000000e3c80000)
  to   space 6144K, 0% used [0x00000000e4b00000,0x00000000e4b00000,0x00000000e5100000)
 ParOldGen       total 61952K, used 17117K [0x00000000a0000000, 0x00000000a3c80000, 0x00000000e0000000)
  object space 61952K, 27% used [0x00000000a0000000,0x00000000a10b75b0,0x00000000a3c80000)
 Metaspace       used 40991K, capacity 41876K, committed 42200K, reserved 1085440K
  class space    used 5502K, capacity 5791K, committed 5888K, reserved 1048576K
Event: 23.011 GC heap after
Heap after GC invocations=16 (full 2):
 PSYoungGen      total 69632K, used 6120K [0x00000000e0000000, 0x00000000e5100000, 0x0000000100000000)
  eden space 63488K, 0% used [0x00000000e0000000,0x00000000e0000000,0x00000000e3e00000)
  from space 6144K, 99% used [0x00000000e4b00000,0x00000000e50fa2a0,0x00000000e5100000)
  to   space 6656K, 0% used [0x00000000e4400000,0x00000000e4400000,0x00000000e4a80000)
 ParOldGen       total 61952K, used 17541K [0x00000000a0000000, 0x00000000a3c80000, 0x00000000e0000000)
  object space 61952K, 28% used [0x00000000a0000000,0x00000000a1121630,0x00000000a3c80000)
 Metaspace       used 40991K, capacity 41876K, committed 42200K, reserved 1085440K
  class space    used 5502K, capacity 5791K, committed 5888K, reserved 1048576K
}
Event: 25.550 GC heap before
{Heap before GC invocations=17 (full 2):
 PSYoungGen      total 69632K, used 69608K [0x00000000e0000000, 0x00000000e5100000, 0x0000000100000000)
  eden space 63488K, 100% used [0x00000000e0000000,0x00000000e3e00000,0x00000000e3e00000)
  from space 6144K, 99% used [0x00000000e4b00000,0x00000000e50fa2a0,0x00000000e5100000)
  to   space 6656K, 0% used [0x00000000e4400000,0x00000000e4400000,0x00000000e4a80000)
 ParOldGen       total 61952K, used 17541K [0x00000000a0000000, 0x00000000a3c80000, 0x00000000e0000000)
  object space 61952K, 28% used [0x00000000a0000000,0x00000000a1121630,0x00000000a3c80000)
 Metaspace       used 44652K, capacity 45572K, committed 45912K, reserved 1089536K
  class space    used 5931K, capacity 6203K, committed 6272K, reserved 1048576K
Event: 25.595 GC heap after
Heap after GC invocations=17 (full 2):
 PSYoungGen      total 76288K, used 6650K [0x00000000e0000000, 0x00000000e5a00000, 0x0000000100000000)
  eden space 69632K, 0% used [0x00000000e0000000,0x00000000e0000000,0x00000000e4400000)
  from space 6656K, 99% used [0x00000000e4400000,0x00000000e4a7e8a0,0x00000000e4a80000)
  to   space 8704K, 0% used [0x00000000e5180000,0x00000000e5180000,0x00000000e5a00000)
 ParOldGen       total 61952K, used 20486K [0x00000000a0000000, 0x00000000a3c80000, 0x00000000e0000000)
  object space 61952K, 33% used [0x00000000a0000000,0x00000000a1401bb8,0x00000000a3c80000)
 Metaspace       used 44652K, capacity 45572K, committed 45912K, reserved 1089536K
  class space    used 5931K, capacity 6203K, committed 6272K, reserved 1048576K
}

Deoptimization events (10 events):
Event: 24.542 Thread 0x0000000019cd6800 Uncommon trap: reason=unstable_if action=reinterpret pc=0x00000000040d9e1c method=java.security.CodeSource.matchCerts(Ljava/security/CodeSource;Z)Z @ 11
Event: 24.575 Thread 0x0000000019cd6800 Uncommon trap: reason=unstable_if action=reinterpret pc=0x0000000003fdc7f8 method=java.util.LinkedHashMap.get(Ljava/lang/Object;)Ljava/lang/Object; @ 20
Event: 24.678 Thread 0x0000000019cd6800 Uncommon trap: reason=unstable_if action=reinterpret pc=0x00000000040cc67c method=java.security.CodeSource.matchCerts(Ljava/security/CodeSource;Z)Z @ 11
Event: 24.722 Thread 0x0000000019cd6800 Uncommon trap: reason=unstable_if action=reinterpret pc=0x0000000003e393b4 method=org.objectweb.asm.ByteVector.putUTF8(Ljava/lang/String;)Lorg/objectweb/asm/ByteVector; @ 91
Event: 26.013 Thread 0x0000000019cd6800 Uncommon trap: reason=unstable_if action=reinterpret pc=0x000000000432b5ac method=org.gradle.internal.reflect.PropertyAccessorType.of(Ljava/lang/reflect/Method;)Lorg/gradle/internal/reflect/PropertyAccessorType; @ 56
Event: 26.553 Thread 0x0000000019cd6800 Uncommon trap: reason=bimorphic action=maybe_recompile pc=0x00000000043b2314 method=java.util.regex.Pattern$5.isSatisfiedBy(I)Z @ 16
Event: 26.553 Thread 0x0000000019cd6800 Uncommon trap: reason=bimorphic action=maybe_recompile pc=0x00000000043b2314 method=java.util.regex.Pattern$5.isSatisfiedBy(I)Z @ 16
Event: 26.553 Thread 0x0000000019cd6800 Uncommon trap: reason=bimorphic action=maybe_recompile pc=0x00000000043b2314 method=java.util.regex.Pattern$5.isSatisfiedBy(I)Z @ 16
Event: 26.553 Thread 0x0000000019cd6800 Uncommon trap: reason=bimorphic action=maybe_recompile pc=0x00000000043b2314 method=java.util.regex.Pattern$5.isSatisfiedBy(I)Z @ 16
Event: 31.342 Thread 0x0000000019cd6800 Uncommon trap: reason=unstable_if action=reinterpret pc=0x0000000003aa0c0c method=java.io.DataInputStream.readUTF(Ljava/io/DataInput;)Ljava/lang/String; @ 31

Classes redefined (0 events):
No events

Internal exceptions (10 events):
Event: 29.938 Thread 0x0000000019cd6800 Exception <a 'sun/nio/fs/WindowsException'> (0x00000000e24efa30) thrown at [D:\src\AOSP-openjdk-cygwin\jdk8u\hotspot\src\share\vm\prims\jni.cpp, line 709]
Event: 29.938 Thread 0x0000000019cd6800 Exception <a 'sun/nio/fs/WindowsException'> (0x00000000e24f06a0) thrown at [D:\src\AOSP-openjdk-cygwin\jdk8u\hotspot\src\share\vm\prims\jni.cpp, line 709]
Event: 29.938 Thread 0x0000000019cd6800 Exception <a 'sun/nio/fs/WindowsException'> (0x00000000e24f2358) thrown at [D:\src\AOSP-openjdk-cygwin\jdk8u\hotspot\src\share\vm\prims\jni.cpp, line 709]
Event: 29.939 Thread 0x0000000019cd6800 Exception <a 'sun/nio/fs/WindowsException'> (0x00000000e24f3000) thrown at [D:\src\AOSP-openjdk-cygwin\jdk8u\hotspot\src\share\vm\prims\jni.cpp, line 709]
Event: 29.958 Thread 0x0000000019cd6800 Exception <a 'sun/nio/fs/WindowsException'> (0x00000000e24f6940) thrown at [D:\src\AOSP-openjdk-cygwin\jdk8u\hotspot\src\share\vm\prims\jni.cpp, line 709]
Event: 29.958 Thread 0x0000000019cd6800 Exception <a 'sun/nio/fs/WindowsException'> (0x00000000e24f7610) thrown at [D:\src\AOSP-openjdk-cygwin\jdk8u\hotspot\src\share\vm\prims\jni.cpp, line 709]
Event: 29.959 Thread 0x0000000019cd6800 Exception <a 'sun/nio/fs/WindowsException'> (0x00000000e24f9318) thrown at [D:\src\AOSP-openjdk-cygwin\jdk8u\hotspot\src\share\vm\prims\jni.cpp, line 709]
Event: 29.959 Thread 0x0000000019cd6800 Exception <a 'sun/nio/fs/WindowsException'> (0x00000000e24fa028) thrown at [D:\src\AOSP-openjdk-cygwin\jdk8u\hotspot\src\share\vm\prims\jni.cpp, line 709]
Event: 30.403 Thread 0x0000000019cd6800 Exception <a 'java/lang/ClassNotFoundException': com/sun/org/glassfish/hk2/osgiresourcelocator/ServiceLoader> (0x00000000e2556600) thrown at [D:\src\AOSP-openjdk-cygwin\jdk8u\hotspot\src\share\vm\classfile\systemDictionary.cpp, line 210]
Event: 30.768 Thread 0x0000000019cd6800 Exception <a 'java/lang/NullPointerException'> (0x00000000e29ebf48) thrown at [D:\src\AOSP-openjdk-cygwin\jdk8u\hotspot\src\share\vm\interpreter\linkResolver.cpp, line 1301]

Events (10 events):
Event: 31.653 loading class com/sun/org/apache/xerces/internal/impl/dv/dtd/IDREFDatatypeValidator done
Event: 31.653 loading class com/sun/org/apache/xerces/internal/impl/dv/dtd/ListDatatypeValidator
Event: 31.653 loading class com/sun/org/apache/xerces/internal/impl/dv/dtd/ListDatatypeValidator done
Event: 31.654 loading class com/sun/org/apache/xerces/internal/impl/dv/dtd/ENTITYDatatypeValidator
Event: 31.654 loading class com/sun/org/apache/xerces/internal/impl/dv/dtd/ENTITYDatatypeValidator done
Event: 31.654 loading class com/sun/org/apache/xerces/internal/impl/dv/dtd/NOTATIONDatatypeValidator
Event: 31.654 loading class com/sun/org/apache/xerces/internal/impl/dv/dtd/NOTATIONDatatypeValidator done
Event: 31.654 loading class com/sun/org/apache/xerces/internal/impl/dv/dtd/NMTOKENDatatypeValidator
Event: 31.654 loading class com/sun/org/apache/xerces/internal/impl/dv/dtd/NMTOKENDatatypeValidator done
Event: 31.654 loading class com/sun/org/apache/xerces/internal/impl/validation/ValidationManager


Dynamic libraries:
0x00007ff783f70000 - 0x00007ff783fa1000 	C:\Program Files\Android\Android Studio\jre\bin\java.exe
0x00007ffb5ca40000 - 0x00007ffb5cc21000 	C:\Windows\SYSTEM32\ntdll.dll
0x00007ffb5b0d0000 - 0x00007ffb5b181000 	C:\Windows\System32\KERNEL32.DLL
0x00007ffb59290000 - 0x00007ffb59503000 	C:\Windows\System32\KERNELBASE.dll
0x00007ffb5aa60000 - 0x00007ffb5ab01000 	C:\Windows\System32\ADVAPI32.dll
0x00007ffb5ade0000 - 0x00007ffb5ae7e000 	C:\Windows\System32\msvcrt.dll
0x00007ffb5b280000 - 0x00007ffb5b2db000 	C:\Windows\System32\sechost.dll
0x00007ffb5ab10000 - 0x00007ffb5ac34000 	C:\Windows\System32\RPCRT4.dll
0x00007ffb5ac40000 - 0x00007ffb5add0000 	C:\Windows\System32\USER32.dll
0x00007ffb59c70000 - 0x00007ffb59c90000 	C:\Windows\System32\win32u.dll
0x00007ffb5c720000 - 0x00007ffb5c748000 	C:\Windows\System32\GDI32.dll
0x00007ffb59c90000 - 0x00007ffb59e22000 	C:\Windows\System32\gdi32full.dll
0x00007ffb59e30000 - 0x00007ffb59ecf000 	C:\Windows\System32\msvcp_win.dll
0x00007ffb59110000 - 0x00007ffb59208000 	C:\Windows\System32\ucrtbase.dll
0x00007ffb473a0000 - 0x00007ffb47609000 	C:\Windows\WinSxS\amd64_microsoft.windows.common-controls_6595b64144ccf1df_6.0.17134.706_none_fb43a2cb30647007\COMCTL32.dll
0x00007ffb5a730000 - 0x00007ffb5aa52000 	C:\Windows\System32\combase.dll
0x00007ffb59210000 - 0x00007ffb5928a000 	C:\Windows\System32\bcryptPrimitives.dll
0x00007ffb5af00000 - 0x00007ffb5af2d000 	C:\Windows\System32\IMM32.DLL
0x000000005c700000 - 0x000000005c7d2000 	C:\Program Files\Android\Android Studio\jre\jre\bin\msvcr100.dll
0x000000005ce40000 - 0x000000005d681000 	C:\Program Files\Android\Android Studio\jre\jre\bin\server\jvm.dll
0x00007ffb5aef0000 - 0x00007ffb5aef8000 	C:\Windows\System32\PSAPI.DLL
0x00007ffb56800000 - 0x00007ffb56823000 	C:\Windows\SYSTEM32\WINMM.dll
0x00007ffb47f40000 - 0x00007ffb47f49000 	C:\Windows\SYSTEM32\WSOCK32.dll
0x00007ffb57080000 - 0x00007ffb5708a000 	C:\Windows\SYSTEM32\VERSION.dll
0x00007ffb56200000 - 0x00007ffb5622a000 	C:\Windows\SYSTEM32\winmmbase.dll
0x00007ffb59c20000 - 0x00007ffb59c69000 	C:\Windows\System32\cfgmgr32.dll
0x00007ffb5c900000 - 0x00007ffb5c96c000 	C:\Windows\System32\WS2_32.dll
0x00007ffb55670000 - 0x00007ffb5567f000 	C:\Program Files\Android\Android Studio\jre\jre\bin\verify.dll
0x00007ffb48dd0000 - 0x00007ffb48df9000 	C:\Program Files\Android\Android Studio\jre\jre\bin\java.dll
0x00007ffb48db0000 - 0x00007ffb48dc6000 	C:\Program Files\Android\Android Studio\jre\jre\bin\zip.dll
0x00007ffb5b2e0000 - 0x00007ffb5c720000 	C:\Windows\System32\SHELL32.dll
0x00007ffb5a030000 - 0x00007ffb5a0d9000 	C:\Windows\System32\shcore.dll
0x00007ffb59510000 - 0x00007ffb59c1d000 	C:\Windows\System32\windows.storage.dll
0x00007ffb5a6d0000 - 0x00007ffb5a721000 	C:\Windows\System32\shlwapi.dll
0x00007ffb58dd0000 - 0x00007ffb58de1000 	C:\Windows\System32\kernel.appcore.dll
0x00007ffb58df0000 - 0x00007ffb58e0f000 	C:\Windows\System32\profapi.dll
0x00007ffb58d80000 - 0x00007ffb58dcc000 	C:\Windows\System32\powrprof.dll
0x00007ffb58d70000 - 0x00007ffb58d7a000 	C:\Windows\System32\FLTLIB.DLL
0x00007ffb3eec0000 - 0x00007ffb3eeda000 	C:\Program Files\Android\Android Studio\jre\jre\bin\net.dll
0x00007ffb585d0000 - 0x00007ffb58636000 	C:\Windows\system32\mswsock.dll
0x00007ffb3bc40000 - 0x00007ffb3bc51000 	C:\Program Files\Android\Android Studio\jre\jre\bin\nio.dll
0x00007ffb39790000 - 0x00007ffb397ae000 	C:\Users\USUARIO\.gradle\native\25\windows-amd64\native-platform.dll
0x00007ffb507d0000 - 0x00007ffb507dd000 	C:\Program Files\Android\Android Studio\jre\jre\bin\management.dll
0x00007ffb58780000 - 0x00007ffb58797000 	C:\Windows\SYSTEM32\CRYPTSP.dll
0x00007ffb58150000 - 0x00007ffb58183000 	C:\Windows\system32\rsaenh.dll
0x00007ffb588b0000 - 0x00007ffb588d5000 	C:\Windows\SYSTEM32\bcrypt.dll
0x00007ffb58c50000 - 0x00007ffb58c78000 	C:\Windows\SYSTEM32\USERENV.dll
0x00007ffb587a0000 - 0x00007ffb587ab000 	C:\Windows\SYSTEM32\CRYPTBASE.dll
0x00007ffb58350000 - 0x00007ffb58388000 	C:\Windows\SYSTEM32\IPHLPAPI.DLL
0x00007ffb5ae80000 - 0x00007ffb5ae88000 	C:\Windows\System32\NSI.dll
0x00007ffb4ddf0000 - 0x00007ffb4de06000 	C:\Windows\SYSTEM32\dhcpcsvc6.DLL
0x00007ffb4de80000 - 0x00007ffb4de9a000 	C:\Windows\SYSTEM32\dhcpcsvc.DLL

VM Arguments:
jvm_args: -Xmx1536m -Dfile.encoding=windows-1252 -Duser.country=CO -Duser.language=es -Duser.variant 
java_command: org.gradle.launcher.daemon.bootstrap.GradleDaemon 4.6
java_class_path (initial): C:\Users\USUARIO\.gradle\wrapper\dists\gradle-4.6-all\bcst21l2brirad8k2ben1letg\gradle-4.6\lib\gradle-launcher-4.6.jar
Launcher Type: SUN_STANDARD

Environment Variables:
JAVA_HOME=C:\Program Files\Java\jdk1.8.0_191
PATH=C:\Program Files (x86)\Common Files\Intel\Shared Libraries\redist\intel64\compiler;C:\Program Files (x86)\Common Files\Oracle\Java\javapath;C:\Program Files (x86)\Intel\Intel(R) Management Engine Components\iCLS\;C:\Program Files\Intel\Intel(R) Management Engine Components\iCLS\;C:\Windows\system32;C:\Windows;C:\Windows\System32\Wbem;C:\Windows\System32\WindowsPowerShell\v1.0\;C:\Windows\System32\OpenSSH\;C:\Program Files (x86)\Intel\Intel(R) Management Engine Components\DAL;C:\Program Files\Intel\Intel(R) Management Engine Components\DAL;C:\Program Files (x86)\Intel\Intel(R) Management Engine Components\IPT;C:\Program Files\Intel\Intel(R) Management Engine Components\IPT;C:\Program Files\Git\cmd;C:\xampp\php;C:\ProgramData\ComposerSetup\bin;C:\Program Files\Java\jre1.8.0_191\bin;C:\Program Files\Java\jdk1.8.0_191\bin;C:\Users\USUARIO\AppData\Local\Android\android-sdk\build-tools;C:\Users\USUARIO\AppData\Local\Android\android-sdk\platform-tools;C:\Users\USUARIO\AppData\Local\Android\android-sdk\tools;C:\Users\USUARIO\AppData\Local\Android\android-sdk\platforms;C:\Program Files\nodejs\;C:\apache-maven-3.6.1\bin;C:\Users\USUARIO\AppData\Local\Microsoft\WindowsApps;C:\Users\USUARIO\AppData\Roaming\Composer\vendor\bin;C:\Users\USUARIO\AppData\Roaming\npm
USERNAME=USUARIO
OS=Windows_NT
PROCESSOR_IDENTIFIER=Intel64 Family 6 Model 78 Stepping 3, GenuineIntel



---------------  S Y S T E M  ---------------

OS: Windows 10.0 , 64 bit Build 17134 (10.0.17134.706)

CPU:total 4 (initial active 4) (2 cores per cpu, 2 threads per core) family 6 model 78 stepping 3, cmov, cx8, fxsr, mmx, sse, sse2, sse3, ssse3, sse4.1, sse4.2, popcnt, avx, avx2, aes, clmul, erms, 3dnowpref, lzcnt, ht, tsc, tscinvbit, bmi1, bmi2, adx

Memory: 4k page, physical 4097952k(147704k free), swap 4097952k(4036k free)

vm_info: OpenJDK 64-Bit Server VM (25.152-b06) for windows-amd64 JRE (1.8.0_152-release-1136-b06), built by "builder" with MS VC++ 10.0 (VS2010)

time: Sat May 25 19:53:35 2019
elapsed time: 32 seconds (0d 0h 0m 32s)

