#
# There is insufficient memory for the Java Runtime Environment to continue.
# Native memory allocation (malloc) failed to allocate 631296 bytes for Chunk::new
# Possible reasons:
#   The system is out of physical RAM or swap space
#   In 32 bit mode, the process size limit was hit
# Possible solutions:
#   Reduce memory load on the system
#   Increase physical memory or swap space
#   Check if swap backing store is full
#   Use 64 bit Java on a 64 bit OS
#   Decrease Java heap size (-Xmx/-Xms)
#   Decrease number of Java threads
#   Decrease Java thread stack sizes (-Xss)
#   Set larger code cache with -XX:ReservedCodeCacheSize=
# This output file may be truncated or incomplete.
#
#  Out of Memory Error (allocation.cpp:390), pid=6424, tid=0x00000000000019cc
#
# JRE version: OpenJDK Runtime Environment (8.0_152-b06) (build 1.8.0_152-release-1136-b06)
# Java VM: OpenJDK 64-Bit Server VM (25.152-b06 mixed mode windows-amd64 compressed oops)
# Failed to write core dump. Minidumps are not enabled by default on client versions of Windows
#

---------------  T H R E A D  ---------------

Current thread (0x0000000015e7c000):  JavaThread "C2 CompilerThread0" daemon [_thread_in_native, id=6604, stack(0x00000000174f0000,0x00000000175f0000)]

Stack: [0x00000000174f0000,0x00000000175f0000]
[error occurred during error reporting (printing stack bounds), id 0xc0000005]

Native frames: (J=compiled Java code, j=interpreted, Vv=VM code, C=native code)


Current CompileTask:
C2:  17500 6273   !   4       java.security.SecureClassLoader::getProtectionDomain (114 bytes)


---------------  P R O C E S S  ---------------

Java Threads: ( => current thread )
  0x000000001b7a8000 JavaThread "Memory manager" [_thread_blocked, id=8672, stack(0x0000000021580000,0x0000000021680000)]
  0x000000001b7a7800 JavaThread "Build operations Thread 4" [_thread_blocked, id=6748, stack(0x0000000021280000,0x0000000021380000)]
  0x000000001e3e2000 JavaThread "Build operations Thread 3" [_thread_blocked, id=4912, stack(0x0000000021180000,0x0000000021280000)]
  0x000000001e3e1000 JavaThread "Build operations Thread 2" [_thread_blocked, id=5332, stack(0x0000000021080000,0x0000000021180000)]
  0x000000001e3e0800 JavaThread "Build operations" [_thread_blocked, id=8272, stack(0x00000000209b0000,0x0000000020ab0000)]
  0x000000001e3db000 JavaThread "Cache worker for Artifact transforms cache (C:\Users\USUARIO\.gradle\caches\transforms-1)" [_thread_blocked, id=5848, stack(0x000000001f140000,0x000000001f240000)]
  0x000000001aad9000 JavaThread "Cache worker for file hash cache (C:\Users\USUARIO\Desktop\Testing_App\.gradle\4.6\fileHashes)" [_thread_blocked, id=7232, stack(0x000000001ba30000,0x000000001bb30000)]
  0x0000000019108000 JavaThread "File lock request listener" [_thread_in_native, id=3700, stack(0x000000001a960000,0x000000001aa60000)]
  0x00000000190f3000 JavaThread "Cache worker for file hash cache (C:\Users\USUARIO\.gradle\caches\4.6\fileHashes)" [_thread_blocked, id=1140, stack(0x000000001a860000,0x000000001a960000)]
  0x0000000018fc8000 JavaThread "Stdin handler" [_thread_blocked, id=8600, stack(0x000000001a560000,0x000000001a660000)]
  0x0000000018fc7800 JavaThread "Asynchronous log dispatcher for DefaultDaemonConnection: socket connection from /127.0.0.1:65040 to /127.0.0.1:65041" [_thread_blocked, id=2376, stack(0x000000001a460000,0x000000001a560000)]
  0x0000000018fc6800 JavaThread "Daemon worker" [_thread_in_native, id=6976, stack(0x000000001a360000,0x000000001a460000)]
  0x0000000018e8f000 JavaThread "Cancel handler" [_thread_blocked, id=844, stack(0x000000001a260000,0x000000001a360000)]
  0x0000000018c8e000 JavaThread "Handler for socket connection from /127.0.0.1:65040 to /127.0.0.1:65041" [_thread_in_native, id=1552, stack(0x0000000019f60000,0x000000001a060000)]
  0x0000000018c87800 JavaThread "Daemon" [_thread_blocked, id=3664, stack(0x0000000019e60000,0x0000000019f60000)]
  0x0000000018c68800 JavaThread "Daemon periodic checks" [_thread_blocked, id=8004, stack(0x0000000019d60000,0x0000000019e60000)]
  0x0000000018c22800 JavaThread "Incoming local TCP Connector on port 65040" [_thread_in_native, id=6496, stack(0x0000000019b00000,0x0000000019c00000)]
  0x0000000017820800 JavaThread "Service Thread" daemon [_thread_blocked, id=2036, stack(0x0000000017bf0000,0x0000000017cf0000)]
  0x0000000015e85000 JavaThread "C1 CompilerThread2" daemon [_thread_blocked, id=2392, stack(0x00000000176f0000,0x00000000177f0000)]
  0x0000000015e82800 JavaThread "C2 CompilerThread1" daemon [_thread_in_native, id=2516, stack(0x00000000175f0000,0x00000000176f0000)]
=>0x0000000015e7c000 JavaThread "C2 CompilerThread0" daemon [_thread_in_native, id=6604, stack(0x00000000174f0000,0x00000000175f0000)]
  0x0000000015e88800 JavaThread "Attach Listener" daemon [_thread_blocked, id=9172, stack(0x00000000173f0000,0x00000000174f0000)]
  0x0000000015e87800 JavaThread "Signal Dispatcher" daemon [_thread_blocked, id=988, stack(0x00000000172f0000,0x00000000173f0000)]
  0x0000000015e68800 JavaThread "Finalizer" daemon [_thread_blocked, id=8196, stack(0x00000000170e0000,0x00000000171e0000)]
  0x0000000002503800 JavaThread "Reference Handler" daemon [_thread_blocked, id=8296, stack(0x0000000016fe0000,0x00000000170e0000)]
  0x0000000002412800 JavaThread "main" [_thread_blocked, id=868, stack(0x0000000002280000,0x0000000002380000)]

Other Threads:
  0x0000000015e45000 VMThread [stack: 0x0000000016ee0000,0x0000000016fe0000] [id=296]
  0x0000000015ede000 WatcherThread [stack: 0x0000000017cf0000,0x0000000017df0000] [id=4760]

VM state:not at safepoint (normal execution)

VM Mutex/Monitor currently owned by a thread: None

Heap:
 PSYoungGen      total 210944K, used 3948K [0x00000000e0000000, 0x00000000eeb80000, 0x0000000100000000)
  eden space 205312K, 1% used [0x00000000e0000000,0x00000000e03db358,0x00000000ec880000)
  from space 5632K, 0% used [0x00000000ee600000,0x00000000ee600000,0x00000000eeb80000)
  to   space 17920K, 0% used [0x00000000ec880000,0x00000000ec880000,0x00000000eda00000)
 ParOldGen       total 54784K, used 45179K [0x00000000a0000000, 0x00000000a3580000, 0x00000000e0000000)
  object space 54784K, 82% used [0x00000000a0000000,0x00000000a2c1ed38,0x00000000a3580000)
 Metaspace       used 57540K, capacity 59412K, committed 59648K, reserved 1101824K
  class space    used 7922K, capacity 8402K, committed 8448K, reserved 1048576K

Card table byte_map: [0x00000000118d0000,0x0000000011be0000] byte_map_base: 0x00000000113d0000

Marking Bits: (ParMarkBitMap*) 0x000000005d605aa0
 Begin Bits: [0x00000000121e0000, 0x00000000139e0000)
 End Bits:   [0x00000000139e0000, 0x00000000151e0000)

Polling page: 0x0000000000520000

CodeCache: size=245760Kb used=20254Kb max_used=20745Kb free=225505Kb
 bounds [0x0000000002510000, 0x0000000003970000, 0x0000000011510000]
 total_blobs=6455 nmethods=5677 adapters=690
 compilation: enabled

Compilation events (10 events):
Event: 17.425 Thread 0x0000000015e85000 6268       1       sun.security.ssl.CipherSuite$BulkCipher::isAvailable (5 bytes)
Event: 17.425 Thread 0x0000000015e85000 nmethod 6268 0x0000000002ad5410 code [0x0000000002ad5560, 0x0000000002ad5670]
Event: 17.425 Thread 0x0000000015e82800 nmethod 6269 0x00000000027c3810 code [0x00000000027c3960, 0x00000000027c3a78]
Event: 17.426 Thread 0x0000000015e85000 6270   !   3       com.google.common.cache.LocalCache$Segment::storeLoadedValue (373 bytes)
Event: 17.427 Thread 0x0000000015e82800 6272  s!   4       sun.misc.URLClassPath::getLoader (243 bytes)
Event: 17.429 Thread 0x0000000015e85000 nmethod 6270 0x00000000026bbe10 code [0x00000000026bc2e0, 0x00000000026bf4b8]
Event: 17.429 Thread 0x0000000015e85000 6271       3       com.google.common.cache.LocalCache$LoadingValueReference::notifyNewValue (21 bytes)
Event: 17.430 Thread 0x0000000015e85000 nmethod 6271 0x0000000002d67ed0 code [0x0000000002d68080, 0x0000000002d686b8]
Event: 17.430 Thread 0x0000000015e7c000 nmethod 6264 0x000000000277a2d0 code [0x000000000277a440, 0x000000000277aab8]
Event: 17.437 Thread 0x0000000015e7c000 6273   !   4       java.security.SecureClassLoader::getProtectionDomain (114 bytes)

GC Heap History (10 events):
Event: 12.685 GC heap before
{Heap before GC invocations=14 (full 2):
 PSYoungGen      total 140800K, used 140796K [0x00000000e0000000, 0x00000000ec580000, 0x0000000100000000)
  eden space 129536K, 100% used [0x00000000e0000000,0x00000000e7e80000,0x00000000e7e80000)
  from space 11264K, 99% used [0x00000000e7e80000,0x00000000e897f168,0x00000000e8980000)
  to   space 14336K, 0% used [0x00000000eb780000,0x00000000eb780000,0x00000000ec580000)
 ParOldGen       total 54784K, used 20461K [0x00000000a0000000, 0x00000000a3580000, 0x00000000e0000000)
  object space 54784K, 37% used [0x00000000a0000000,0x00000000a13fb610,0x00000000a3580000)
 Metaspace       used 54850K, capacity 56568K, committed 56576K, reserved 1097728K
  class space    used 7525K, capacity 7935K, committed 7936K, reserved 1048576K
Event: 12.714 GC heap after
Heap after GC invocations=14 (full 2):
 PSYoungGen      total 182784K, used 12978K [0x00000000e0000000, 0x00000000ec480000, 0x0000000100000000)
  eden space 169472K, 0% used [0x00000000e0000000,0x00000000e0000000,0x00000000ea580000)
  from space 13312K, 97% used [0x00000000eb780000,0x00000000ec42cab8,0x00000000ec480000)
  to   space 15872K, 0% used [0x00000000ea580000,0x00000000ea580000,0x00000000eb500000)
 ParOldGen       total 54784K, used 30005K [0x00000000a0000000, 0x00000000a3580000, 0x00000000e0000000)
  object space 54784K, 54% used [0x00000000a0000000,0x00000000a1d4d7f8,0x00000000a3580000)
 Metaspace       used 54850K, capacity 56568K, committed 56576K, reserved 1097728K
  class space    used 7525K, capacity 7935K, committed 7936K, reserved 1048576K
}
Event: 16.451 GC heap before
{Heap before GC invocations=15 (full 2):
 PSYoungGen      total 182784K, used 147891K [0x00000000e0000000, 0x00000000ec480000, 0x0000000100000000)
  eden space 169472K, 79% used [0x00000000e0000000,0x00000000e83c03c0,0x00000000ea580000)
  from space 13312K, 97% used [0x00000000eb780000,0x00000000ec42cab8,0x00000000ec480000)
  to   space 15872K, 0% used [0x00000000ea580000,0x00000000ea580000,0x00000000eb500000)
 ParOldGen       total 54784K, used 30005K [0x00000000a0000000, 0x00000000a3580000, 0x00000000e0000000)
  object space 54784K, 54% used [0x00000000a0000000,0x00000000a1d4d7f8,0x00000000a3580000)
 Metaspace       used 56938K, capacity 58744K, committed 59008K, reserved 1099776K
  class space    used 7845K, capacity 8296K, committed 8320K, reserved 1048576K
Event: 16.479 GC heap after
Heap after GC invocations=15 (full 2):
 PSYoungGen      total 185344K, used 15286K [0x00000000e0000000, 0x00000000ef780000, 0x0000000100000000)
  eden space 169472K, 0% used [0x00000000e0000000,0x00000000e0000000,0x00000000ea580000)
  from space 15872K, 96% used [0x00000000ea580000,0x00000000eb46dba0,0x00000000eb500000)
  to   space 17920K, 0% used [0x00000000ee600000,0x00000000ee600000,0x00000000ef780000)
 ParOldGen       total 54784K, used 36320K [0x00000000a0000000, 0x00000000a3580000, 0x00000000e0000000)
  object space 54784K, 66% used [0x00000000a0000000,0x00000000a23781d0,0x00000000a3580000)
 Metaspace       used 56938K, capacity 58744K, committed 59008K, reserved 1099776K
  class space    used 7845K, capacity 8296K, committed 8320K, reserved 1048576K
}
Event: 16.479 GC heap before
{Heap before GC invocations=16 (full 3):
 PSYoungGen      total 185344K, used 15286K [0x00000000e0000000, 0x00000000ef780000, 0x0000000100000000)
  eden space 169472K, 0% used [0x00000000e0000000,0x00000000e0000000,0x00000000ea580000)
  from space 15872K, 96% used [0x00000000ea580000,0x00000000eb46dba0,0x00000000eb500000)
  to   space 17920K, 0% used [0x00000000ee600000,0x00000000ee600000,0x00000000ef780000)
 ParOldGen       total 54784K, used 36320K [0x00000000a0000000, 0x00000000a3580000, 0x00000000e0000000)
  object space 54784K, 66% used [0x00000000a0000000,0x00000000a23781d0,0x00000000a3580000)
 Metaspace       used 56938K, capacity 58744K, committed 59008K, reserved 1099776K
  class space    used 7845K, capacity 8296K, committed 8320K, reserved 1048576K
Event: 16.844 GC heap after
Heap after GC invocations=16 (full 3):
 PSYoungGen      total 185344K, used 0K [0x00000000e0000000, 0x00000000ef780000, 0x0000000100000000)
  eden space 169472K, 0% used [0x00000000e0000000,0x00000000e0000000,0x00000000ea580000)
  from space 15872K, 0% used [0x00000000ea580000,0x00000000ea580000,0x00000000eb500000)
  to   space 17920K, 0% used [0x00000000ee600000,0x00000000ee600000,0x00000000ef780000)
 ParOldGen       total 54784K, used 45279K [0x00000000a0000000, 0x00000000a3580000, 0x00000000e0000000)
  object space 54784K, 82% used [0x00000000a0000000,0x00000000a2c37fb8,0x00000000a3580000)
 Metaspace       used 56938K, capacity 58744K, committed 59008K, reserved 1099776K
  class space    used 7845K, capacity 8296K, committed 8320K, reserved 1048576K
}
Event: 17.277 GC heap before
{Heap before GC invocations=17 (full 3):
 PSYoungGen      total 185344K, used 10185K [0x00000000e0000000, 0x00000000ef780000, 0x0000000100000000)
  eden space 169472K, 6% used [0x00000000e0000000,0x00000000e09f26c0,0x00000000ea580000)
  from space 15872K, 0% used [0x00000000ea580000,0x00000000ea580000,0x00000000eb500000)
  to   space 17920K, 0% used [0x00000000ee600000,0x00000000ee600000,0x00000000ef780000)
 ParOldGen       total 54784K, used 45279K [0x00000000a0000000, 0x00000000a3580000, 0x00000000e0000000)
  object space 54784K, 82% used [0x00000000a0000000,0x00000000a2c37fb8,0x00000000a3580000)
 Metaspace       used 57384K, capacity 59252K, committed 59392K, reserved 1103872K
  class space    used 7895K, capacity 8370K, committed 8448K, reserved 1048576K
Event: 17.280 GC heap after
Heap after GC invocations=17 (full 3):
 PSYoungGen      total 210944K, used 1120K [0x00000000e0000000, 0x00000000eeb80000, 0x0000000100000000)
  eden space 205312K, 0% used [0x00000000e0000000,0x00000000e0000000,0x00000000ec880000)
  from space 5632K, 19% used [0x00000000ee600000,0x00000000ee718010,0x00000000eeb80000)
  to   space 17920K, 0% used [0x00000000ec880000,0x00000000ec880000,0x00000000eda00000)
 ParOldGen       total 54784K, used 45287K [0x00000000a0000000, 0x00000000a3580000, 0x00000000e0000000)
  object space 54784K, 82% used [0x00000000a0000000,0x00000000a2c39fb8,0x00000000a3580000)
 Metaspace       used 57384K, capacity 59252K, committed 59392K, reserved 1103872K
  class space    used 7895K, capacity 8370K, committed 8448K, reserved 1048576K
}
Event: 17.280 GC heap before
{Heap before GC invocations=18 (full 4):
 PSYoungGen      total 210944K, used 1120K [0x00000000e0000000, 0x00000000eeb80000, 0x0000000100000000)
  eden space 205312K, 0% used [0x00000000e0000000,0x00000000e0000000,0x00000000ec880000)
  from space 5632K, 19% used [0x00000000ee600000,0x00000000ee718010,0x00000000eeb80000)
  to   space 17920K, 0% used [0x00000000ec880000,0x00000000ec880000,0x00000000eda00000)
 ParOldGen       total 54784K, used 45287K [0x00000000a0000000, 0x00000000a3580000, 0x00000000e0000000)
  object space 54784K, 82% used [0x00000000a0000000,0x00000000a2c39fb8,0x00000000a3580000)
 Metaspace       used 57384K, capacity 59252K, committed 59392K, reserved 1103872K
  class space    used 7895K, capacity 8370K, committed 8448K, reserved 1048576K
Event: 17.408 GC heap after
Heap after GC invocations=18 (full 4):
 PSYoungGen      total 210944K, used 0K [0x00000000e0000000, 0x00000000eeb80000, 0x0000000100000000)
  eden space 205312K, 0% used [0x00000000e0000000,0x00000000e0000000,0x00000000ec880000)
  from space 5632K, 0% used [0x00000000ee600000,0x00000000ee600000,0x00000000eeb80000)
  to   space 17920K, 0% used [0x00000000ec880000,0x00000000ec880000,0x00000000eda00000)
 ParOldGen       total 54784K, used 45179K [0x00000000a0000000, 0x00000000a3580000, 0x00000000e0000000)
  object space 54784K, 82% used [0x00000000a0000000,0x00000000a2c1ed38,0x00000000a3580000)
 Metaspace       used 57384K, capacity 59252K, committed 59392K, reserved 1101824K
  class space    used 7895K, capacity 8370K, committed 8448K, reserved 1048576K
}

Deoptimization events (10 events):
Event: 14.364 Thread 0x0000000018fc6800 Uncommon trap: reason=array_check action=maybe_recompile pc=0x00000000038987b0 method=java.util.AbstractCollection.toArray([Ljava/lang/Object;)[Ljava/lang/Object; @ 119
Event: 14.364 Thread 0x0000000018fc6800 Uncommon trap: reason=array_check action=maybe_recompile pc=0x00000000038987b0 method=java.util.AbstractCollection.toArray([Ljava/lang/Object;)[Ljava/lang/Object; @ 119
Event: 14.365 Thread 0x0000000018fc6800 Uncommon trap: reason=array_check action=maybe_recompile pc=0x00000000038987b0 method=java.util.AbstractCollection.toArray([Ljava/lang/Object;)[Ljava/lang/Object; @ 119
Event: 14.365 Thread 0x0000000018fc6800 Uncommon trap: reason=array_check action=maybe_recompile pc=0x00000000038987b0 method=java.util.AbstractCollection.toArray([Ljava/lang/Object;)[Ljava/lang/Object; @ 119
Event: 14.674 Thread 0x0000000018fc6800 Uncommon trap: reason=unstable_if action=reinterpret pc=0x00000000038afb84 method=org.codehaus.groovy.reflection.CachedClass.isAssignableFrom(Ljava/lang/Class;)Z @ 1
Event: 15.868 Thread 0x0000000018fc6800 Uncommon trap: reason=unstable_if action=reinterpret pc=0x00000000035614ec method=java.util.regex.Pattern.closure(Ljava/util/regex/Pattern$Node;)Ljava/util/regex/Pattern$Node; @ 113
Event: 16.976 Thread 0x0000000018fc6800 Uncommon trap: reason=unstable_if action=reinterpret pc=0x000000000261319c method=java.io.ObjectOutputStream$BlockDataOutputStream.writeBytes(Ljava/lang/String;)V @ 22
Event: 17.240 Thread 0x0000000018fc6800 Uncommon trap: reason=unstable_if action=reinterpret pc=0x0000000002919070 method=java.lang.String.regionMatches(ZILjava/lang/String;II)Z @ 123
Event: 17.240 Thread 0x0000000018fc6800 Uncommon trap: reason=unstable_if action=reinterpret pc=0x0000000002d70b90 method=java.lang.String.regionMatches(ZILjava/lang/String;II)Z @ 123
Event: 17.254 Thread 0x0000000018fc6800 Uncommon trap: reason=null_check action=make_not_entrant pc=0x0000000002fd9bd0 method=java.net.URL.getURLStreamHandler(Ljava/lang/String;)Ljava/net/URLStreamHandler; @ 7

Classes redefined (0 events):
No events

Internal exceptions (10 events):
Event: 14.718 Thread 0x0000000018fc6800 Exception <a 'java/lang/ClassNotFoundException': org/gradle/api/internal/artifacts/DefaultPublishArtifactSetCustomizer> (0x00000000e7644b08) thrown at [D:\src\AOSP-openjdk-cygwin\jdk8u\hotspot\src\share\vm\classfile\systemDictionary.cpp, line 210]
Event: 14.722 Thread 0x0000000018fc6800 Exception <a 'java/lang/ClassNotFoundException': org/gradle/api/internal/file/DefaultFileCollectionFactory$1BeanInfo> (0x00000000e7683110) thrown at [D:\src\AOSP-openjdk-cygwin\jdk8u\hotspot\src\share\vm\classfile\systemDictionary.cpp, line 210]
Event: 14.722 Thread 0x0000000018fc6800 Exception <a 'java/lang/ClassNotFoundException': org/gradle/api/internal/file/collections/FileCollectionAdapterBeanInfo> (0x00000000e769b058) thrown at [D:\src\AOSP-openjdk-cygwin\jdk8u\hotspot\src\share\vm\classfile\systemDictionary.cpp, line 210]
Event: 14.723 Thread 0x0000000018fc6800 Exception <a 'java/lang/ClassNotFoundException': org/gradle/api/internal/file/collections/FileCollectionAdapterCustomizer> (0x00000000e76b3898) thrown at [D:\src\AOSP-openjdk-cygwin\jdk8u\hotspot\src\share\vm\classfile\systemDictionary.cpp, line 210]
Event: 14.723 Thread 0x0000000018fc6800 Exception <a 'java/lang/ClassNotFoundException': org/gradle/api/internal/file/DefaultFileCollectionFactory$1Customizer> (0x00000000e76d4750) thrown at [D:\src\AOSP-openjdk-cygwin\jdk8u\hotspot\src\share\vm\classfile\systemDictionary.cpp, line 210]
Event: 16.967 Thread 0x0000000018fc6800 Exception <a 'java/lang/OutOfMemoryError'> (0x00000000e0232e38) thrown at [D:\src\AOSP-openjdk-cygwin\jdk8u\hotspot\src\share\vm\prims\jni.cpp, line 735]
Event: 16.975 Thread 0x0000000018fc6800 Exception <a 'java/lang/NoSuchMethodError': <clinit>> (0x00000000e031c790) thrown at [D:\src\AOSP-openjdk-cygwin\jdk8u\hotspot\src\share\vm\prims\jni.cpp, line 1613]
Event: 16.976 Thread 0x0000000018fc6800 Exception <a 'java/lang/NoSuchMethodError': <clinit>> (0x00000000e03b0878) thrown at [D:\src\AOSP-openjdk-cygwin\jdk8u\hotspot\src\share\vm\prims\jni.cpp, line 1613]
Event: 16.985 Thread 0x0000000018fc6800 Exception <a 'java/lang/OutOfMemoryError'> (0x00000000e04b32b0) thrown at [D:\src\AOSP-openjdk-cygwin\jdk8u\hotspot\src\share\vm\prims\jni.cpp, line 735]
Event: 17.254 Thread 0x0000000018fc6800 Implicit null exception at 0x0000000002fd78a3 to 0x0000000002fd9bc5

Events (10 events):
Event: 17.440 loading class java/net/ProxySelector
Event: 17.440 loading class java/net/ProxySelector done
Event: 17.440 loading class sun/net/spi/DefaultProxySelector
Event: 17.483 loading class sun/net/spi/DefaultProxySelector done
Event: 17.483 loading class sun/net/spi/DefaultProxySelector$1
Event: 17.483 loading class sun/net/spi/DefaultProxySelector$1 done
Event: 17.483 loading class sun/net/NetProperties
Event: 17.483 loading class sun/net/NetProperties done
Event: 17.483 loading class sun/net/NetProperties$1
Event: 17.483 loading class sun/net/NetProperties$1 done


Dynamic libraries:
0x00007ff783f70000 - 0x00007ff783fa1000 	C:\Program Files\Android\Android Studio\jre\bin\java.exe
0x00007ffb5ca40000 - 0x00007ffb5cc21000 	C:\Windows\SYSTEM32\ntdll.dll
0x00007ffb5b0d0000 - 0x00007ffb5b181000 	C:\Windows\System32\KERNEL32.DLL
0x00007ffb59290000 - 0x00007ffb59503000 	C:\Windows\System32\KERNELBASE.dll
0x00007ffb5aa60000 - 0x00007ffb5ab01000 	C:\Windows\System32\ADVAPI32.dll
0x00007ffb5ade0000 - 0x00007ffb5ae7e000 	C:\Windows\System32\msvcrt.dll
0x00007ffb5b280000 - 0x00007ffb5b2db000 	C:\Windows\System32\sechost.dll
0x00007ffb5ab10000 - 0x00007ffb5ac34000 	C:\Windows\System32\RPCRT4.dll
0x00007ffb5ac40000 - 0x00007ffb5add0000 	C:\Windows\System32\USER32.dll
0x00007ffb59c70000 - 0x00007ffb59c90000 	C:\Windows\System32\win32u.dll
0x00007ffb5c720000 - 0x00007ffb5c748000 	C:\Windows\System32\GDI32.dll
0x00007ffb59c90000 - 0x00007ffb59e22000 	C:\Windows\System32\gdi32full.dll
0x00007ffb59e30000 - 0x00007ffb59ecf000 	C:\Windows\System32\msvcp_win.dll
0x00007ffb59110000 - 0x00007ffb59208000 	C:\Windows\System32\ucrtbase.dll
0x00007ffb473a0000 - 0x00007ffb47609000 	C:\Windows\WinSxS\amd64_microsoft.windows.common-controls_6595b64144ccf1df_6.0.17134.706_none_fb43a2cb30647007\COMCTL32.dll
0x00007ffb5a730000 - 0x00007ffb5aa52000 	C:\Windows\System32\combase.dll
0x00007ffb59210000 - 0x00007ffb5928a000 	C:\Windows\System32\bcryptPrimitives.dll
0x00007ffb5af00000 - 0x00007ffb5af2d000 	C:\Windows\System32\IMM32.DLL
0x000000005c700000 - 0x000000005c7d2000 	C:\Program Files\Android\Android Studio\jre\jre\bin\msvcr100.dll
0x000000005ce40000 - 0x000000005d681000 	C:\Program Files\Android\Android Studio\jre\jre\bin\server\jvm.dll
0x00007ffb5aef0000 - 0x00007ffb5aef8000 	C:\Windows\System32\PSAPI.DLL
0x00007ffb47f40000 - 0x00007ffb47f49000 	C:\Windows\SYSTEM32\WSOCK32.dll
0x00007ffb57080000 - 0x00007ffb5708a000 	C:\Windows\SYSTEM32\VERSION.dll
0x00007ffb56800000 - 0x00007ffb56823000 	C:\Windows\SYSTEM32\WINMM.dll
0x00007ffb5c900000 - 0x00007ffb5c96c000 	C:\Windows\System32\WS2_32.dll
0x00007ffb56200000 - 0x00007ffb5622a000 	C:\Windows\SYSTEM32\WINMMBASE.dll
0x00007ffb59c20000 - 0x00007ffb59c69000 	C:\Windows\System32\cfgmgr32.dll
0x00007ffb55670000 - 0x00007ffb5567f000 	C:\Program Files\Android\Android Studio\jre\jre\bin\verify.dll
0x00007ffb48dd0000 - 0x00007ffb48df9000 	C:\Program Files\Android\Android Studio\jre\jre\bin\java.dll
0x00007ffb48db0000 - 0x00007ffb48dc6000 	C:\Program Files\Android\Android Studio\jre\jre\bin\zip.dll
0x00007ffb5b2e0000 - 0x00007ffb5c720000 	C:\Windows\System32\SHELL32.dll
0x00007ffb5a030000 - 0x00007ffb5a0d9000 	C:\Windows\System32\shcore.dll
0x00007ffb59510000 - 0x00007ffb59c1d000 	C:\Windows\System32\windows.storage.dll
0x00007ffb5a6d0000 - 0x00007ffb5a721000 	C:\Windows\System32\shlwapi.dll
0x00007ffb58dd0000 - 0x00007ffb58de1000 	C:\Windows\System32\kernel.appcore.dll
0x00007ffb58df0000 - 0x00007ffb58e0f000 	C:\Windows\System32\profapi.dll
0x00007ffb58d80000 - 0x00007ffb58dcc000 	C:\Windows\System32\powrprof.dll
0x00007ffb58d70000 - 0x00007ffb58d7a000 	C:\Windows\System32\FLTLIB.DLL
0x00007ffb3eec0000 - 0x00007ffb3eeda000 	C:\Program Files\Android\Android Studio\jre\jre\bin\net.dll
0x00007ffb585d0000 - 0x00007ffb58636000 	C:\Windows\system32\mswsock.dll
0x00007ffb3bc40000 - 0x00007ffb3bc51000 	C:\Program Files\Android\Android Studio\jre\jre\bin\nio.dll
0x00007ffb39790000 - 0x00007ffb397ae000 	C:\Users\USUARIO\.gradle\native\25\windows-amd64\native-platform.dll
0x00007ffb507d0000 - 0x00007ffb507dd000 	C:\Program Files\Android\Android Studio\jre\jre\bin\management.dll
0x00007ffb58780000 - 0x00007ffb58797000 	C:\Windows\SYSTEM32\CRYPTSP.dll
0x00007ffb58150000 - 0x00007ffb58183000 	C:\Windows\system32\rsaenh.dll
0x00007ffb588b0000 - 0x00007ffb588d5000 	C:\Windows\SYSTEM32\bcrypt.dll
0x00007ffb58c50000 - 0x00007ffb58c78000 	C:\Windows\SYSTEM32\USERENV.dll
0x00007ffb587a0000 - 0x00007ffb587ab000 	C:\Windows\SYSTEM32\CRYPTBASE.dll
0x00007ffb58350000 - 0x00007ffb58388000 	C:\Windows\SYSTEM32\IPHLPAPI.DLL
0x00007ffb5ae80000 - 0x00007ffb5ae88000 	C:\Windows\System32\NSI.dll
0x00007ffb4ddf0000 - 0x00007ffb4de06000 	C:\Windows\SYSTEM32\dhcpcsvc6.DLL
0x00007ffb4de80000 - 0x00007ffb4de9a000 	C:\Windows\SYSTEM32\dhcpcsvc.DLL
0x00007ffb38370000 - 0x00007ffb38394000 	C:\Program Files\Android\Android Studio\jre\jre\bin\sunec.dll

VM Arguments:
jvm_args: -Xmx1536m -Dfile.encoding=windows-1252 -Duser.country=CO -Duser.language=es -Duser.variant 
java_command: org.gradle.launcher.daemon.bootstrap.GradleDaemon 4.6
java_class_path (initial): C:\Users\USUARIO\.gradle\wrapper\dists\gradle-4.6-all\bcst21l2brirad8k2ben1letg\gradle-4.6\lib\gradle-launcher-4.6.jar
Launcher Type: SUN_STANDARD

Environment Variables:
JAVA_HOME=C:\Program Files\Java\jdk1.8.0_191
PATH=C:\Program Files (x86)\Common Files\Intel\Shared Libraries\redist\intel64\compiler;C:\Program Files (x86)\Common Files\Oracle\Java\javapath;C:\Program Files (x86)\Intel\Intel(R) Management Engine Components\iCLS\;C:\Program Files\Intel\Intel(R) Management Engine Components\iCLS\;C:\Windows\system32;C:\Windows;C:\Windows\System32\Wbem;C:\Windows\System32\WindowsPowerShell\v1.0\;C:\Windows\System32\OpenSSH\;C:\Program Files (x86)\Intel\Intel(R) Management Engine Components\DAL;C:\Program Files\Intel\Intel(R) Management Engine Components\DAL;C:\Program Files (x86)\Intel\Intel(R) Management Engine Components\IPT;C:\Program Files\Intel\Intel(R) Management Engine Components\IPT;C:\Program Files\Git\cmd;C:\xampp\php;C:\ProgramData\ComposerSetup\bin;C:\Program Files\Java\jre1.8.0_191\bin;C:\Program Files\Java\jdk1.8.0_191\bin;C:\Users\USUARIO\AppData\Local\Android\android-sdk\build-tools;C:\Users\USUARIO\AppData\Local\Android\android-sdk\platform-tools;C:\Users\USUARIO\AppData\Local\Android\android-sdk\tools;C:\Users\USUARIO\AppData\Local\Android\android-sdk\platforms;C:\Program Files\nodejs\;C:\apache-maven-3.6.1\bin;C:\Users\USUARIO\AppData\Local\Microsoft\WindowsApps;C:\Users\USUARIO\AppData\Roaming\Composer\vendor\bin;C:\Users\USUARIO\AppData\Roaming\npm
USERNAME=USUARIO
OS=Windows_NT
PROCESSOR_IDENTIFIER=Intel64 Family 6 Model 78 Stepping 3, GenuineIntel



---------------  S Y S T E M  ---------------

OS: Windows 10.0 , 64 bit Build 17134 (10.0.17134.706)

CPU:total 4 (initial active 4) (2 cores per cpu, 2 threads per core) family 6 model 78 stepping 3, cmov, cx8, fxsr, mmx, sse, sse2, sse3, ssse3, sse4.1, sse4.2, popcnt, avx, avx2, aes, clmul, erms, 3dnowpref, lzcnt, ht, tsc, tscinvbit, bmi1, bmi2, adx

Memory: 4k page, physical 4097952k(201788k free), swap 4097952k(4640k free)

vm_info: OpenJDK 64-Bit Server VM (25.152-b06) for windows-amd64 JRE (1.8.0_152-release-1136-b06), built by "builder" with MS VC++ 10.0 (VS2010)

time: Sat May 25 19:54:39 2019
elapsed time: 17 seconds (0d 0h 0m 17s)

