#
# There is insufficient memory for the Java Runtime Environment to continue.
# Native memory allocation (malloc) failed to allocate 251536 bytes for Chunk::new
# Possible reasons:
#   The system is out of physical RAM or swap space
#   In 32 bit mode, the process size limit was hit
# Possible solutions:
#   Reduce memory load on the system
#   Increase physical memory or swap space
#   Check if swap backing store is full
#   Use 64 bit Java on a 64 bit OS
#   Decrease Java heap size (-Xmx/-Xms)
#   Decrease number of Java threads
#   Decrease Java thread stack sizes (-Xss)
#   Set larger code cache with -XX:ReservedCodeCacheSize=
# This output file may be truncated or incomplete.
#
#  Out of Memory Error (allocation.cpp:390), pid=4952, tid=0x00000000000013f8
#
# JRE version: OpenJDK Runtime Environment (8.0_152-b06) (build 1.8.0_152-release-1136-b06)
# Java VM: OpenJDK 64-Bit Server VM (25.152-b06 mixed mode windows-amd64 compressed oops)
# Failed to write core dump. Minidumps are not enabled by default on client versions of Windows
#

---------------  T H R E A D  ---------------

Current thread (0x00000000164d4000):  JavaThread "C2 CompilerThread1" daemon [_thread_in_native, id=5112, stack(0x0000000017c30000,0x0000000017d30000)]

Stack: [0x0000000017c30000,0x0000000017d30000]
[error occurred during error reporting (printing stack bounds), id 0xc0000005]

Native frames: (J=compiled Java code, j=interpreted, Vv=VM code, C=native code)


Current CompileTask:
C2:  29654 7625       4       org.apache.commons.io.FilenameUtils::doNormalize (530 bytes)


---------------  P R O C E S S  ---------------

Java Threads: ( => current thread )
  0x0000000021590000 JavaThread "Cache worker for file hash cache (C:\Users\USUARIO\Desktop\Testing_App\.gradle\4.6\fileHashes)" [_thread_blocked, id=2212, stack(0x0000000023250000,0x0000000023350000)]
  0x000000002158e000 JavaThread "Stdin handler" [_thread_blocked, id=5520, stack(0x0000000023150000,0x0000000023250000)]
  0x000000002158b000 JavaThread "Asynchronous log dispatcher for DefaultDaemonConnection: socket connection from /127.0.0.1:49921 to /127.0.0.1:49929" [_thread_blocked, id=3476, stack(0x0000000023050000,0x0000000023150000)]
  0x0000000021588800 JavaThread "Cancel handler" [_thread_blocked, id=4148, stack(0x0000000022f50000,0x0000000023050000)]
  0x0000000021589800 JavaThread "Handler for socket connection from /127.0.0.1:49921 to /127.0.0.1:49929" [_thread_in_native, id=4048, stack(0x0000000022e50000,0x0000000022f50000)]
  0x000000002158e800 JavaThread "pool-1-thread-1" [_thread_blocked, id=6960, stack(0x0000000022d50000,0x0000000022e50000)]
  0x000000001bdfa800 JavaThread "Memory manager" [_thread_blocked, id=7036, stack(0x0000000021a50000,0x0000000021b50000)]
  0x0000000019bd3000 JavaThread "File lock request listener" [_thread_in_native, id=5644, stack(0x000000001afa0000,0x000000001b0a0000)]
  0x00000000186b2800 JavaThread "Cache worker for file hash cache (C:\Users\USUARIO\.gradle\caches\4.6\fileHashes)" [_thread_blocked, id=5868, stack(0x000000001aea0000,0x000000001afa0000)]
  0x0000000018822000 JavaThread "Daemon worker" [_thread_in_native, id=6276, stack(0x000000001a9a0000,0x000000001aaa0000)]
  0x00000000190ae800 JavaThread "Daemon" [_thread_blocked, id=3984, stack(0x000000001a4a0000,0x000000001a5a0000)]
  0x00000000191da800 JavaThread "Daemon periodic checks" [_thread_blocked, id=8456, stack(0x000000001a3a0000,0x000000001a4a0000)]
  0x0000000019430000 JavaThread "Incoming local TCP Connector on port 49921" [_thread_in_native, id=3300, stack(0x000000001a140000,0x000000001a240000)]
  0x000000001652d000 JavaThread "Service Thread" daemon [_thread_blocked, id=3900, stack(0x0000000018230000,0x0000000018330000)]
  0x00000000164d7800 JavaThread "C1 CompilerThread2" daemon [_thread_blocked, id=6080, stack(0x0000000017d30000,0x0000000017e30000)]
=>0x00000000164d4000 JavaThread "C2 CompilerThread1" daemon [_thread_in_native, id=5112, stack(0x0000000017c30000,0x0000000017d30000)]
  0x00000000164cd000 JavaThread "C2 CompilerThread0" daemon [_thread_blocked, id=2244, stack(0x0000000017b30000,0x0000000017c30000)]
  0x00000000164ca800 JavaThread "Attach Listener" daemon [_thread_blocked, id=1456, stack(0x0000000017a30000,0x0000000017b30000)]
  0x00000000164c9000 JavaThread "Signal Dispatcher" daemon [_thread_blocked, id=6320, stack(0x0000000017930000,0x0000000017a30000)]
  0x0000000002b5c800 JavaThread "Finalizer" daemon [_thread_blocked, id=8332, stack(0x0000000017720000,0x0000000017820000)]
  0x0000000002b51800 JavaThread "Reference Handler" daemon [_thread_blocked, id=2216, stack(0x0000000017620000,0x0000000017720000)]
  0x0000000002a62800 JavaThread "main" [_thread_blocked, id=5164, stack(0x0000000002960000,0x0000000002a60000)]

Other Threads:
  0x0000000016495000 VMThread [stack: 0x0000000017520000,0x0000000017620000] [id=2880]
  0x0000000017e64000 WatcherThread [stack: 0x0000000018330000,0x0000000018430000] [id=2220]

VM state:not at safepoint (normal execution)

VM Mutex/Monitor currently owned by a thread: None

Heap:
 PSYoungGen      total 132608K, used 76598K [0x00000000e0000000, 0x00000000e9380000, 0x0000000100000000)
  eden space 118784K, 64% used [0x00000000e0000000,0x00000000e4acdb50,0x00000000e7400000)
  from space 13824K, 0% used [0x00000000e8180000,0x00000000e8180000,0x00000000e8f00000)
  to   space 13824K, 0% used [0x00000000e7400000,0x00000000e7400000,0x00000000e8180000)
 ParOldGen       total 54272K, used 44942K [0x00000000a0000000, 0x00000000a3500000, 0x00000000e0000000)
  object space 54272K, 82% used [0x00000000a0000000,0x00000000a2be3990,0x00000000a3500000)
 Metaspace       used 61168K, capacity 63360K, committed 63616K, reserved 1103872K
  class space    used 8197K, capacity 8730K, committed 8832K, reserved 1048576K

Card table byte_map: [0x0000000011f20000,0x0000000012230000] byte_map_base: 0x0000000011a20000

Marking Bits: (ParMarkBitMap*) 0x0000000054555aa0
 Begin Bits: [0x0000000012830000, 0x0000000014030000)
 End Bits:   [0x0000000014030000, 0x0000000015830000)

Polling page: 0x0000000000ab0000

CodeCache: size=245760Kb used=23875Kb max_used=24740Kb free=221884Kb
 bounds [0x0000000002b60000, 0x00000000043c0000, 0x0000000011b60000]
 total_blobs=7757 nmethods=6976 adapters=693
 compilation: enabled

Compilation events (10 events):
Event: 29.628 Thread 0x00000000164d7800 nmethod 7620 0x0000000003606150 code [0x00000000036062a0, 0x0000000003606390]
Event: 29.628 Thread 0x00000000164d7800 7621       3       org.gradle.internal.service.DefaultServiceRegistry$FactoryService::assembleParameters (58 bytes)
Event: 29.628 Thread 0x00000000164cd000 7622       4       org.gradle.internal.service.DefaultServiceRegistry::newRequestInProgress (47 bytes)
Event: 29.628 Thread 0x00000000164d4000 7623   !   4       org.gradle.internal.service.DefaultServiceRegistry::noLongerMutable (52 bytes)
Event: 29.628 Thread 0x00000000164d7800 nmethod 7621 0x0000000003066890 code [0x0000000003066a40, 0x0000000003067028]
Event: 29.630 Thread 0x00000000164d4000 nmethod 7623 0x0000000003632dd0 code [0x0000000003632f20, 0x0000000003633198]
Event: 29.630 Thread 0x00000000164d4000 7625       4       org.apache.commons.io.FilenameUtils::doNormalize (530 bytes)
Event: 29.630 Thread 0x00000000164cd000 nmethod 7622 0x000000000324e810 code [0x000000000324e960, 0x000000000324ec38]
Event: 29.630 Thread 0x00000000164cd000 7624   !   4       org.gradle.internal.service.DefaultServiceRegistry::requestFinished (55 bytes)
Event: 29.632 Thread 0x00000000164cd000 nmethod 7624 0x0000000003663b10 code [0x0000000003663c60, 0x0000000003663d18]

GC Heap History (10 events):
Event: 19.068 GC heap before
{Heap before GC invocations=17 (full 2):
 PSYoungGen      total 85504K, used 85472K [0x00000000e0000000, 0x00000000e6500000, 0x0000000100000000)
  eden space 79360K, 100% used [0x00000000e0000000,0x00000000e4d80000,0x00000000e4d80000)
  from space 6144K, 99% used [0x00000000e5f00000,0x00000000e64f80c0,0x00000000e6500000)
  to   space 6656K, 0% used [0x00000000e5800000,0x00000000e5800000,0x00000000e5e80000)
 ParOldGen       total 54272K, used 17911K [0x00000000a0000000, 0x00000000a3500000, 0x00000000e0000000)
  object space 54272K, 33% used [0x00000000a0000000,0x00000000a117dcf0,0x00000000a3500000)
 Metaspace       used 44517K, capacity 45604K, committed 45952K, reserved 1089536K
  class space    used 6074K, capacity 6422K, committed 6528K, reserved 1048576K
Event: 19.087 GC heap after
Heap after GC invocations=17 (full 2):
 PSYoungGen      total 96768K, used 6652K [0x00000000e0000000, 0x00000000e7580000, 0x0000000100000000)
  eden space 90112K, 0% used [0x00000000e0000000,0x00000000e0000000,0x00000000e5800000)
  from space 6656K, 99% used [0x00000000e5800000,0x00000000e5e7f2f0,0x00000000e5e80000)
  to   space 10240K, 0% used [0x00000000e6b80000,0x00000000e6b80000,0x00000000e7580000)
 ParOldGen       total 54272K, used 24954K [0x00000000a0000000, 0x00000000a3500000, 0x00000000e0000000)
  object space 54272K, 45% used [0x00000000a0000000,0x00000000a185e8e0,0x00000000a3500000)
 Metaspace       used 44517K, capacity 45604K, committed 45952K, reserved 1089536K
  class space    used 6074K, capacity 6422K, committed 6528K, reserved 1048576K
}
Event: 21.112 GC heap before
{Heap before GC invocations=18 (full 2):
 PSYoungGen      total 96768K, used 96764K [0x00000000e0000000, 0x00000000e7580000, 0x0000000100000000)
  eden space 90112K, 100% used [0x00000000e0000000,0x00000000e5800000,0x00000000e5800000)
  from space 6656K, 99% used [0x00000000e5800000,0x00000000e5e7f2f0,0x00000000e5e80000)
  to   space 10240K, 0% used [0x00000000e6b80000,0x00000000e6b80000,0x00000000e7580000)
 ParOldGen       total 54272K, used 24954K [0x00000000a0000000, 0x00000000a3500000, 0x00000000e0000000)
  object space 54272K, 45% used [0x00000000a0000000,0x00000000a185e8e0,0x00000000a3500000)
 Metaspace       used 53926K, capacity 55642K, committed 55680K, reserved 1097728K
  class space    used 7370K, capacity 7801K, committed 7808K, reserved 1048576K
Event: 21.157 GC heap after
Heap after GC invocations=18 (full 2):
 PSYoungGen      total 109056K, used 9449K [0x00000000e0000000, 0x00000000e8780000, 0x0000000100000000)
  eden space 98816K, 0% used [0x00000000e0000000,0x00000000e0000000,0x00000000e6080000)
  from space 10240K, 92% used [0x00000000e6b80000,0x00000000e74ba740,0x00000000e7580000)
  to   space 11264K, 0% used [0x00000000e6080000,0x00000000e6080000,0x00000000e6b80000)
 ParOldGen       total 54272K, used 31559K [0x00000000a0000000, 0x00000000a3500000, 0x00000000e0000000)
  object space 54272K, 58% used [0x00000000a0000000,0x00000000a1ed1c40,0x00000000a3500000)
 Metaspace       used 53926K, capacity 55642K, committed 55680K, reserved 1097728K
  class space    used 7370K, capacity 7801K, committed 7808K, reserved 1048576K
}
Event: 22.660 GC heap before
{Heap before GC invocations=19 (full 2):
 PSYoungGen      total 109056K, used 108265K [0x00000000e0000000, 0x00000000e8780000, 0x0000000100000000)
  eden space 98816K, 100% used [0x00000000e0000000,0x00000000e6080000,0x00000000e6080000)
  from space 10240K, 92% used [0x00000000e6b80000,0x00000000e74ba740,0x00000000e7580000)
  to   space 11264K, 0% used [0x00000000e6080000,0x00000000e6080000,0x00000000e6b80000)
 ParOldGen       total 54272K, used 31559K [0x00000000a0000000, 0x00000000a3500000, 0x00000000e0000000)
  object space 54272K, 58% used [0x00000000a0000000,0x00000000a1ed1c40,0x00000000a3500000)
 Metaspace       used 56334K, capacity 58124K, committed 58240K, reserved 1099776K
  class space    used 7736K, capacity 8206K, committed 8320K, reserved 1048576K
Event: 22.688 GC heap after
Heap after GC invocations=19 (full 2):
 PSYoungGen      total 110080K, used 11233K [0x00000000e0000000, 0x00000000e8f00000, 0x0000000100000000)
  eden space 98816K, 0% used [0x00000000e0000000,0x00000000e0000000,0x00000000e6080000)
  from space 11264K, 99% used [0x00000000e6080000,0x00000000e6b78698,0x00000000e6b80000)
  to   space 13824K, 0% used [0x00000000e8180000,0x00000000e8180000,0x00000000e8f00000)
 ParOldGen       total 54272K, used 34251K [0x00000000a0000000, 0x00000000a3500000, 0x00000000e0000000)
  object space 54272K, 63% used [0x00000000a0000000,0x00000000a2172c38,0x00000000a3500000)
 Metaspace       used 56334K, capacity 58124K, committed 58240K, reserved 1099776K
  class space    used 7736K, capacity 8206K, committed 8320K, reserved 1048576K
}
Event: 23.781 GC heap before
{Heap before GC invocations=20 (full 2):
 PSYoungGen      total 110080K, used 81387K [0x00000000e0000000, 0x00000000e8f00000, 0x0000000100000000)
  eden space 98816K, 70% used [0x00000000e0000000,0x00000000e4482898,0x00000000e6080000)
  from space 11264K, 99% used [0x00000000e6080000,0x00000000e6b78698,0x00000000e6b80000)
  to   space 13824K, 0% used [0x00000000e8180000,0x00000000e8180000,0x00000000e8f00000)
 ParOldGen       total 54272K, used 34251K [0x00000000a0000000, 0x00000000a3500000, 0x00000000e0000000)
  object space 54272K, 63% used [0x00000000a0000000,0x00000000a2172c38,0x00000000a3500000)
 Metaspace       used 57072K, capacity 58884K, committed 59008K, reserved 1099776K
  class space    used 7851K, capacity 8296K, committed 8320K, reserved 1048576K
Event: 23.839 GC heap after
Heap after GC invocations=20 (full 2):
 PSYoungGen      total 132608K, used 8529K [0x00000000e0000000, 0x00000000e9380000, 0x0000000100000000)
  eden space 118784K, 0% used [0x00000000e0000000,0x00000000e0000000,0x00000000e7400000)
  from space 13824K, 61% used [0x00000000e8180000,0x00000000e89d4420,0x00000000e8f00000)
  to   space 13824K, 0% used [0x00000000e7400000,0x00000000e7400000,0x00000000e8180000)
 ParOldGen       total 54272K, used 45498K [0x00000000a0000000, 0x00000000a3500000, 0x00000000e0000000)
  object space 54272K, 83% used [0x00000000a0000000,0x00000000a2c6e918,0x00000000a3500000)
 Metaspace       used 57072K, capacity 58884K, committed 59008K, reserved 1099776K
  class space    used 7851K, capacity 8296K, committed 8320K, reserved 1048576K
}
Event: 23.839 GC heap before
{Heap before GC invocations=21 (full 3):
 PSYoungGen      total 132608K, used 8529K [0x00000000e0000000, 0x00000000e9380000, 0x0000000100000000)
  eden space 118784K, 0% used [0x00000000e0000000,0x00000000e0000000,0x00000000e7400000)
  from space 13824K, 61% used [0x00000000e8180000,0x00000000e89d4420,0x00000000e8f00000)
  to   space 13824K, 0% used [0x00000000e7400000,0x00000000e7400000,0x00000000e8180000)
 ParOldGen       total 54272K, used 45498K [0x00000000a0000000, 0x00000000a3500000, 0x00000000e0000000)
  object space 54272K, 83% used [0x00000000a0000000,0x00000000a2c6e918,0x00000000a3500000)
 Metaspace       used 57072K, capacity 58884K, committed 59008K, reserved 1099776K
  class space    used 7851K, capacity 8296K, committed 8320K, reserved 1048576K
Event: 24.329 GC heap after
Heap after GC invocations=21 (full 3):
 PSYoungGen      total 132608K, used 0K [0x00000000e0000000, 0x00000000e9380000, 0x0000000100000000)
  eden space 118784K, 0% used [0x00000000e0000000,0x00000000e0000000,0x00000000e7400000)
  from space 13824K, 0% used [0x00000000e8180000,0x00000000e8180000,0x00000000e8f00000)
  to   space 13824K, 0% used [0x00000000e7400000,0x00000000e7400000,0x00000000e8180000)
 ParOldGen       total 54272K, used 44942K [0x00000000a0000000, 0x00000000a3500000, 0x00000000e0000000)
  object space 54272K, 82% used [0x00000000a0000000,0x00000000a2be3990,0x00000000a3500000)
 Metaspace       used 57072K, capacity 58884K, committed 59008K, reserved 1099776K
  class space    used 7851K, capacity 8296K, committed 8320K, reserved 1048576K
}

Deoptimization events (10 events):
Event: 27.676 Thread 0x00000000190ae800 Uncommon trap: reason=unstable_if action=reinterpret pc=0x0000000004361440 method=com.esotericsoftware.kryo.io.Output.writeBytes([BII)V @ 61
Event: 27.676 Thread 0x00000000190ae800 Uncommon trap: reason=unstable_if action=reinterpret pc=0x0000000004035be4 method=com.esotericsoftware.kryo.io.Output.writeBytes([BII)V @ 61
Event: 27.676 Thread 0x00000000190ae800 Uncommon trap: reason=unstable_if action=reinterpret pc=0x00000000040267d8 method=com.esotericsoftware.kryo.io.Output.writeBytes([BII)V @ 61
Event: 27.677 Thread 0x00000000190ae800 Uncommon trap: reason=unstable_if action=reinterpret pc=0x00000000040263b8 method=com.esotericsoftware.kryo.io.Output.writeBytes([BII)V @ 61
Event: 27.685 Thread 0x00000000190ae800 Uncommon trap: reason=unstable_if action=reinterpret pc=0x000000000438ba80 method=com.esotericsoftware.kryo.io.Output.writeBytes([BII)V @ 61
Event: 27.708 Thread 0x00000000190af800 Uncommon trap: reason=unstable_if action=reinterpret pc=0x0000000003e43be0 method=com.esotericsoftware.kryo.io.Input.require(I)I @ 117
Event: 27.736 Thread 0x00000000190ae800 Uncommon trap: reason=unstable_if action=reinterpret pc=0x0000000002e56548 method=java.util.HashMap$HashIterator.<init>(Ljava/util/HashMap;)V @ 45
Event: 27.736 Thread 0x00000000190ae800 Uncommon trap: reason=unstable_if action=reinterpret pc=0x0000000004378bb0 method=java.util.HashMap$HashIterator.<init>(Ljava/util/HashMap;)V @ 45
Event: 29.621 Thread 0x0000000018822000 Uncommon trap: reason=null_check action=make_not_entrant pc=0x00000000042e58d0 method=org.gradle.internal.serialize.DefaultSerializerRegistry$TaggedTypeSerializer.map(Ljava/lang/Class;)Lorg/gradle/internal/serialize/DefaultSerializerRegistry$TypeInfo; @ 1
Event: 29.622 Thread 0x0000000018822000 Uncommon trap: reason=unstable_if action=reinterpret pc=0x00000000043a61c0 method=java.io.ObjectStreamClass.writeNonProxy(Ljava/io/ObjectOutputStream;)V @ 65

Classes redefined (0 events):
No events

Internal exceptions (10 events):
Event: 27.673 Thread 0x00000000190ae800 Exception <a 'java/lang/NoSuchMethodError': <clinit>> (0x00000000e3d183f8) thrown at [D:\src\AOSP-openjdk-cygwin\jdk8u\hotspot\src\share\vm\prims\jni.cpp, line 1613]
Event: 27.674 Thread 0x00000000190ae800 Exception <a 'java/lang/NoSuchMethodError': <clinit>> (0x00000000e3d27df8) thrown at [D:\src\AOSP-openjdk-cygwin\jdk8u\hotspot\src\share\vm\prims\jni.cpp, line 1613]
Event: 27.675 Thread 0x00000000190ae800 Exception <a 'java/lang/NoSuchMethodError': <clinit>> (0x00000000e3d34028) thrown at [D:\src\AOSP-openjdk-cygwin\jdk8u\hotspot\src\share\vm\prims\jni.cpp, line 1613]
Event: 27.677 Thread 0x00000000190ae800 Exception <a 'java/lang/NoSuchMethodError': <clinit>> (0x00000000e3d48210) thrown at [D:\src\AOSP-openjdk-cygwin\jdk8u\hotspot\src\share\vm\prims\jni.cpp, line 1613]
Event: 27.684 Thread 0x00000000190ae800 Exception <a 'java/lang/NoSuchMethodError': <clinit>> (0x00000000e3d61420) thrown at [D:\src\AOSP-openjdk-cygwin\jdk8u\hotspot\src\share\vm\prims\jni.cpp, line 1613]
Event: 27.685 Thread 0x00000000190ae800 Exception <a 'java/lang/NoSuchMethodError': <clinit>> (0x00000000e3d716b0) thrown at [D:\src\AOSP-openjdk-cygwin\jdk8u\hotspot\src\share\vm\prims\jni.cpp, line 1613]
Event: 27.689 Thread 0x00000000190ae800 Exception <a 'java/lang/NoSuchMethodError': <clinit>> (0x00000000e3d77d80) thrown at [D:\src\AOSP-openjdk-cygwin\jdk8u\hotspot\src\share\vm\prims\jni.cpp, line 1613]
Event: 27.708 Thread 0x00000000190af800 Exception <a 'java/lang/NoSuchMethodError': <clinit>> (0x00000000e3d8f8b0) thrown at [D:\src\AOSP-openjdk-cygwin\jdk8u\hotspot\src\share\vm\prims\jni.cpp, line 1613]
Event: 29.580 Thread 0x0000000021589800 Exception <a 'java/lang/NoSuchMethodError': <clinit>> (0x00000000e4728160) thrown at [D:\src\AOSP-openjdk-cygwin\jdk8u\hotspot\src\share\vm\prims\jni.cpp, line 1613]
Event: 29.587 Thread 0x0000000021589800 Exception <a 'java/lang/NoSuchMethodError': <clinit>> (0x00000000e4743278) thrown at [D:\src\AOSP-openjdk-cygwin\jdk8u\hotspot\src\share\vm\prims\jni.cpp, line 1613]

Events (10 events):
Event: 29.621 Thread 0x0000000018822000 DEOPT PACKING pc=0x00000000042e58d0 sp=0x000000001aa9ebf0
Event: 29.621 Thread 0x0000000018822000 DEOPT UNPACKING pc=0x0000000002ba557b sp=0x000000001aa9eba0 mode 2
Event: 29.622 Thread 0x0000000018822000 Uncommon trap: trap_request=0xffffff65 fr.pc=0x00000000043a61c0
Event: 29.622 Thread 0x0000000018822000 DEOPT PACKING pc=0x00000000043a61c0 sp=0x000000001aa9e590
Event: 29.622 Thread 0x0000000018822000 DEOPT UNPACKING pc=0x0000000002ba557b sp=0x000000001aa9e378 mode 2
Event: 29.625 Thread 0x000000002158b000 Thread added: 0x000000002158b000
Event: 29.626 Thread 0x000000002158e000 Thread added: 0x000000002158e000
Event: 29.629 Thread 0x0000000018822000 DEOPT PACKING pc=0x0000000003fda7cf sp=0x000000001aa9b190
Event: 29.629 Thread 0x0000000018822000 DEOPT UNPACKING pc=0x0000000002ba75d0 sp=0x000000001aa9af00 mode 0
Event: 29.630 Thread 0x0000000021590000 Thread added: 0x0000000021590000


Dynamic libraries:
0x00007ff6409d0000 - 0x00007ff640a01000 	C:\Program Files\Android\Android Studio\jre\bin\java.exe
0x00007ff8d2920000 - 0x00007ff8d2b01000 	C:\Windows\SYSTEM32\ntdll.dll
0x00007ff8cfdb0000 - 0x00007ff8cfe61000 	C:\Windows\System32\KERNEL32.DLL
0x00007ff8cf750000 - 0x00007ff8cf9c3000 	C:\Windows\System32\KERNELBASE.dll
0x00007ff8d0aa0000 - 0x00007ff8d0b41000 	C:\Windows\System32\ADVAPI32.dll
0x00007ff8d0110000 - 0x00007ff8d01ae000 	C:\Windows\System32\msvcrt.dll
0x00007ff8d0df0000 - 0x00007ff8d0e4b000 	C:\Windows\System32\sechost.dll
0x00007ff8d0b50000 - 0x00007ff8d0c74000 	C:\Windows\System32\RPCRT4.dll
0x00007ff8cff80000 - 0x00007ff8d0110000 	C:\Windows\System32\USER32.dll
0x00007ff8cf730000 - 0x00007ff8cf750000 	C:\Windows\System32\win32u.dll
0x00007ff8d08d0000 - 0x00007ff8d08f8000 	C:\Windows\System32\GDI32.dll
0x00007ff8cfa20000 - 0x00007ff8cfbb2000 	C:\Windows\System32\gdi32full.dll
0x00007ff8cecf0000 - 0x00007ff8ced8f000 	C:\Windows\System32\msvcp_win.dll
0x00007ff8ced90000 - 0x00007ff8cee88000 	C:\Windows\System32\ucrtbase.dll
0x00007ff8bc470000 - 0x00007ff8bc6d9000 	C:\Windows\WinSxS\amd64_microsoft.windows.common-controls_6595b64144ccf1df_6.0.17134.706_none_fb43a2cb30647007\COMCTL32.dll
0x00007ff8d0eb0000 - 0x00007ff8d11d2000 	C:\Windows\System32\combase.dll
0x00007ff8cf6b0000 - 0x00007ff8cf72a000 	C:\Windows\System32\bcryptPrimitives.dll
0x00007ff8d08a0000 - 0x00007ff8d08cd000 	C:\Windows\System32\IMM32.DLL
0x0000000053bd0000 - 0x0000000053ca2000 	C:\Program Files\Android\Android Studio\jre\jre\bin\msvcr100.dll
0x0000000053d90000 - 0x00000000545d1000 	C:\Program Files\Android\Android Studio\jre\jre\bin\server\jvm.dll
0x00007ff8d28e0000 - 0x00007ff8d28e8000 	C:\Windows\System32\PSAPI.DLL
0x00007ff8bd820000 - 0x00007ff8bd829000 	C:\Windows\SYSTEM32\WSOCK32.dll
0x00007ff8cc980000 - 0x00007ff8cc9a3000 	C:\Windows\SYSTEM32\WINMM.dll
0x00007ff8bfad0000 - 0x00007ff8bfada000 	C:\Windows\SYSTEM32\VERSION.dll
0x00007ff8cc950000 - 0x00007ff8cc97a000 	C:\Windows\SYSTEM32\WINMMBASE.dll
0x00007ff8cf9d0000 - 0x00007ff8cfa19000 	C:\Windows\System32\cfgmgr32.dll
0x00007ff8d09d0000 - 0x00007ff8d0a3c000 	C:\Windows\System32\WS2_32.dll
0x00007ff8c7d50000 - 0x00007ff8c7d5f000 	C:\Program Files\Android\Android Studio\jre\jre\bin\verify.dll
0x00007ff89c860000 - 0x00007ff89c889000 	C:\Program Files\Android\Android Studio\jre\jre\bin\java.dll
0x00007ff8ae9b0000 - 0x00007ff8ae9c6000 	C:\Program Files\Android\Android Studio\jre\jre\bin\zip.dll
0x00007ff8d1480000 - 0x00007ff8d28c0000 	C:\Windows\System32\SHELL32.dll
0x00007ff8cfed0000 - 0x00007ff8cff79000 	C:\Windows\System32\shcore.dll
0x00007ff8cee90000 - 0x00007ff8cf59d000 	C:\Windows\System32\windows.storage.dll
0x00007ff8d0a40000 - 0x00007ff8d0a91000 	C:\Windows\System32\shlwapi.dll
0x00007ff8cecd0000 - 0x00007ff8cece1000 	C:\Windows\System32\kernel.appcore.dll
0x00007ff8cec40000 - 0x00007ff8cec5f000 	C:\Windows\System32\profapi.dll
0x00007ff8cec60000 - 0x00007ff8cecac000 	C:\Windows\System32\powrprof.dll
0x00007ff8cec30000 - 0x00007ff8cec3a000 	C:\Windows\System32\FLTLIB.DLL
0x00007ff89fc90000 - 0x00007ff89fcaa000 	C:\Program Files\Android\Android Studio\jre\jre\bin\net.dll
0x00007ff8ce4b0000 - 0x00007ff8ce516000 	C:\Windows\system32\mswsock.dll
0x00007ff89c6f0000 - 0x00007ff89c701000 	C:\Program Files\Android\Android Studio\jre\jre\bin\nio.dll
0x00007ff8c2230000 - 0x00007ff8c224e000 	C:\Users\USUARIO\.gradle\native\25\windows-amd64\native-platform.dll
0x00007ff8ae970000 - 0x00007ff8ae97d000 	C:\Program Files\Android\Android Studio\jre\jre\bin\management.dll
0x00007ff8ce660000 - 0x00007ff8ce677000 	C:\Windows\SYSTEM32\CRYPTSP.dll
0x00007ff8ce090000 - 0x00007ff8ce0c3000 	C:\Windows\system32\rsaenh.dll
0x00007ff8ce790000 - 0x00007ff8ce7b5000 	C:\Windows\SYSTEM32\bcrypt.dll
0x00007ff8ceb60000 - 0x00007ff8ceb88000 	C:\Windows\SYSTEM32\USERENV.dll
0x00007ff8ce680000 - 0x00007ff8ce68b000 	C:\Windows\SYSTEM32\CRYPTBASE.dll
0x00007ff8ce230000 - 0x00007ff8ce268000 	C:\Windows\SYSTEM32\IPHLPAPI.DLL
0x00007ff8d1380000 - 0x00007ff8d1388000 	C:\Windows\System32\NSI.dll
0x00007ff8c5310000 - 0x00007ff8c5326000 	C:\Windows\SYSTEM32\dhcpcsvc6.DLL
0x00007ff8c5480000 - 0x00007ff8c549a000 	C:\Windows\SYSTEM32\dhcpcsvc.DLL

VM Arguments:
jvm_args: -Xmx1536m -Dfile.encoding=windows-1252 -Duser.country=CO -Duser.language=es -Duser.variant 
java_command: org.gradle.launcher.daemon.bootstrap.GradleDaemon 4.6
java_class_path (initial): C:\Users\USUARIO\.gradle\wrapper\dists\gradle-4.6-all\bcst21l2brirad8k2ben1letg\gradle-4.6\lib\gradle-launcher-4.6.jar
Launcher Type: SUN_STANDARD

Environment Variables:
JAVA_HOME=C:\Program Files\Java\jdk1.8.0_191
PATH=C:\Program Files (x86)\Common Files\Intel\Shared Libraries\redist\intel64\compiler;C:\Program Files (x86)\Common Files\Oracle\Java\javapath;C:\Program Files (x86)\Intel\Intel(R) Management Engine Components\iCLS\;C:\Program Files\Intel\Intel(R) Management Engine Components\iCLS\;C:\Windows\system32;C:\Windows;C:\Windows\System32\Wbem;C:\Windows\System32\WindowsPowerShell\v1.0\;C:\Windows\System32\OpenSSH\;C:\Program Files (x86)\Intel\Intel(R) Management Engine Components\DAL;C:\Program Files\Intel\Intel(R) Management Engine Components\DAL;C:\Program Files (x86)\Intel\Intel(R) Management Engine Components\IPT;C:\Program Files\Intel\Intel(R) Management Engine Components\IPT;C:\Program Files\Git\cmd;C:\xampp\php;C:\ProgramData\ComposerSetup\bin;C:\Program Files\Java\jre1.8.0_191\bin;C:\Program Files\Java\jdk1.8.0_191\bin;C:\Users\USUARIO\AppData\Local\Android\android-sdk\build-tools;C:\Users\USUARIO\AppData\Local\Android\android-sdk\platform-tools;C:\Users\USUARIO\AppData\Local\Android\android-sdk\tools;C:\Users\USUARIO\AppData\Local\Android\android-sdk\platforms;C:\Program Files\nodejs\;C:\apache-maven-3.6.1\bin;C:\Users\USUARIO\AppData\Local\Microsoft\WindowsApps;C:\Users\USUARIO\AppData\Roaming\Composer\vendor\bin;C:\Users\USUARIO\AppData\Roaming\npm
USERNAME=USUARIO
OS=Windows_NT
PROCESSOR_IDENTIFIER=Intel64 Family 6 Model 78 Stepping 3, GenuineIntel



---------------  S Y S T E M  ---------------

OS: Windows 10.0 , 64 bit Build 17134 (10.0.17134.706)

CPU:total 4 (initial active 4) (2 cores per cpu, 2 threads per core) family 6 model 78 stepping 3, cmov, cx8, fxsr, mmx, sse, sse2, sse3, ssse3, sse4.1, sse4.2, popcnt, avx, avx2, aes, clmul, erms, 3dnowpref, lzcnt, ht, tsc, tscinvbit, bmi1, bmi2, adx

Memory: 4k page, physical 4097952k(118732k free), swap 4097952k(2036k free)

vm_info: OpenJDK 64-Bit Server VM (25.152-b06) for windows-amd64 JRE (1.8.0_152-release-1136-b06), built by "builder" with MS VC++ 10.0 (VS2010)

time: Sat May 25 23:28:20 2019
elapsed time: 29 seconds (0d 0h 0m 29s)

