#
# There is insufficient memory for the Java Runtime Environment to continue.
# Native memory allocation (malloc) failed to allocate 2284816 bytes for Chunk::new
# Possible reasons:
#   The system is out of physical RAM or swap space
#   In 32 bit mode, the process size limit was hit
# Possible solutions:
#   Reduce memory load on the system
#   Increase physical memory or swap space
#   Check if swap backing store is full
#   Use 64 bit Java on a 64 bit OS
#   Decrease Java heap size (-Xmx/-Xms)
#   Decrease number of Java threads
#   Decrease Java thread stack sizes (-Xss)
#   Set larger code cache with -XX:ReservedCodeCacheSize=
# This output file may be truncated or incomplete.
#
#  Out of Memory Error (allocation.cpp:390), pid=876, tid=0x0000000000001b84
#
# JRE version: OpenJDK Runtime Environment (8.0_152-b06) (build 1.8.0_152-release-1136-b06)
# Java VM: OpenJDK 64-Bit Server VM (25.152-b06 mixed mode windows-amd64 compressed oops)
# Failed to write core dump. Minidumps are not enabled by default on client versions of Windows
#

---------------  T H R E A D  ---------------

Current thread (0x00000000165f2800):  JavaThread "C2 CompilerThread1" daemon [_thread_in_native, id=7044, stack(0x0000000017d60000,0x0000000017e60000)]

Stack: [0x0000000017d60000,0x0000000017e60000]
[error occurred during error reporting (printing stack bounds), id 0xc0000005]

Native frames: (J=compiled Java code, j=interpreted, Vv=VM code, C=native code)


Current CompileTask:
C2:   3147 1342       4       java.net.URLClassLoader$1::run (5 bytes)


---------------  P R O C E S S  ---------------

Java Threads: ( => current thread )
  0x0000000019cce000 JavaThread "Cache worker for file hash cache (C:\Users\USUARIO\Desktop\Testing_App\.gradle\4.6\fileHashes)" [_thread_blocked, id=3952, stack(0x000000001c1a0000,0x000000001c2a0000)]
  0x0000000019869800 JavaThread "File lock request listener" [_thread_in_native, id=7848, stack(0x000000001b0d0000,0x000000001b1d0000)]
  0x00000000198c6000 JavaThread "Cache worker for file hash cache (C:\Users\USUARIO\.gradle\caches\4.6\fileHashes)" [_thread_blocked, id=8344, stack(0x000000001afd0000,0x000000001b0d0000)]
  0x000000001952b800 JavaThread "Stdin handler" [_thread_blocked, id=8160, stack(0x000000001acd0000,0x000000001add0000)]
  0x000000001951f800 JavaThread "Asynchronous log dispatcher for DefaultDaemonConnection: socket connection from /127.0.0.1:49824 to /127.0.0.1:49825" [_thread_blocked, id=916, stack(0x000000001abd0000,0x000000001acd0000)]
  0x000000001955d800 JavaThread "Daemon worker" [_thread_in_native, id=8100, stack(0x000000001aad0000,0x000000001abd0000)]
  0x0000000019532000 JavaThread "Cancel handler" [_thread_blocked, id=1776, stack(0x000000001a9d0000,0x000000001aad0000)]
  0x0000000019807000 JavaThread "Handler for socket connection from /127.0.0.1:49824 to /127.0.0.1:49825" [_thread_in_native, id=7840, stack(0x000000001a6d0000,0x000000001a7d0000)]
  0x0000000019806000 JavaThread "Daemon" [_thread_blocked, id=9420, stack(0x000000001a5d0000,0x000000001a6d0000)]
  0x00000000197d8000 JavaThread "Daemon periodic checks" [_thread_blocked, id=9664, stack(0x000000001a4d0000,0x000000001a5d0000)]
  0x000000001961c000 JavaThread "Incoming local TCP Connector on port 49824" [_thread_in_native, id=5468, stack(0x000000001a270000,0x000000001a370000)]
  0x0000000017f8f000 JavaThread "Service Thread" daemon [_thread_blocked, id=5820, stack(0x0000000018360000,0x0000000018460000)]
  0x0000000016608000 JavaThread "C1 CompilerThread2" daemon [_thread_blocked, id=7776, stack(0x0000000017e60000,0x0000000017f60000)]
=>0x00000000165f2800 JavaThread "C2 CompilerThread1" daemon [_thread_in_native, id=7044, stack(0x0000000017d60000,0x0000000017e60000)]
  0x00000000165eb800 JavaThread "C2 CompilerThread0" daemon [_thread_in_native, id=9952, stack(0x0000000017c60000,0x0000000017d60000)]
  0x00000000165fa000 JavaThread "Attach Listener" daemon [_thread_blocked, id=10080, stack(0x0000000017b60000,0x0000000017c60000)]
  0x00000000165f8800 JavaThread "Signal Dispatcher" daemon [_thread_blocked, id=9144, stack(0x0000000017a60000,0x0000000017b60000)]
  0x00000000165d8800 JavaThread "Finalizer" daemon [_thread_blocked, id=9880, stack(0x0000000017850000,0x0000000017950000)]
  0x0000000002b71800 JavaThread "Reference Handler" daemon [_thread_blocked, id=5968, stack(0x0000000017750000,0x0000000017850000)]
  0x0000000002a82800 JavaThread "main" [_thread_blocked, id=9560, stack(0x00000000028b0000,0x00000000029b0000)]

Other Threads:
  0x00000000165b5000 VMThread [stack: 0x0000000017650000,0x0000000017750000] [id=9276]
  0x000000001664e800 WatcherThread [stack: 0x0000000018460000,0x0000000018560000] [id=2780]

VM state:not at safepoint (normal execution)

VM Mutex/Monitor currently owned by a thread: None

Heap:
 PSYoungGen      total 35328K, used 30881K [0x00000000e0000000, 0x00000000e4d00000, 0x0000000100000000)
  eden space 32768K, 86% used [0x00000000e0000000,0x00000000e1bb0558,0x00000000e2000000)
  from space 2560K, 98% used [0x00000000e2000000,0x00000000e2278040,0x00000000e2280000)
  to   space 6656K, 0% used [0x00000000e4680000,0x00000000e4680000,0x00000000e4d00000)
 ParOldGen       total 44032K, used 6687K [0x00000000a0000000, 0x00000000a2b00000, 0x00000000e0000000)
  object space 44032K, 15% used [0x00000000a0000000,0x00000000a0687d30,0x00000000a2b00000)
 Metaspace       used 16752K, capacity 17112K, committed 17152K, reserved 1064960K
  class space    used 2410K, capacity 2542K, committed 2560K, reserved 1048576K

Card table byte_map: [0x0000000012040000,0x0000000012350000] byte_map_base: 0x0000000011b40000

Marking Bits: (ParMarkBitMap*) 0x000000006e635aa0
 Begin Bits: [0x0000000012950000, 0x0000000014150000)
 End Bits:   [0x0000000014150000, 0x0000000015950000)

Polling page: 0x00000000007e0000

CodeCache: size=245760Kb used=5135Kb max_used=5135Kb free=240624Kb
 bounds [0x0000000002c80000, 0x0000000003190000, 0x0000000011c80000]
 total_blobs=1873 nmethods=1499 adapters=287
 compilation: enabled

Compilation events (10 events):
Event: 3.120 Thread 0x0000000016608000 1501       1       java.lang.Class$MethodArray::length (5 bytes)
Event: 3.121 Thread 0x0000000016608000 nmethod 1501 0x0000000003184010 code [0x0000000003184160, 0x0000000003184270]
Event: 3.121 Thread 0x0000000016608000 1502       3       sun.misc.ProxyGenerator::access$1000 (7 bytes)
Event: 3.121 Thread 0x0000000016608000 nmethod 1502 0x00000000031842d0 code [0x0000000003184440, 0x00000000031845a8]
Event: 3.121 Thread 0x0000000016608000 1503       3       sun.misc.ProxyGenerator$ConstantPool::getString (21 bytes)
Event: 3.121 Thread 0x0000000016608000 nmethod 1503 0x0000000003184690 code [0x0000000003184840, 0x0000000003184d48]
Event: 3.121 Thread 0x0000000016608000 1504       3       sun.misc.ProxyGenerator::code_ldc (64 bytes)
Event: 3.122 Thread 0x0000000016608000 nmethod 1504 0x0000000003185010 code [0x0000000003185220, 0x0000000003185e28]
Event: 3.123 Thread 0x0000000016608000 1505       3       java.util.concurrent.locks.AbstractOwnableSynchronizer::setExclusiveOwnerThread (6 bytes)
Event: 3.123 Thread 0x0000000016608000 nmethod 1505 0x0000000003186290 code [0x00000000031863e0, 0x0000000003186550]

GC Heap History (10 events):
Event: 0.616 GC heap before
{Heap before GC invocations=1 (full 0):
 PSYoungGen      total 18944K, used 16384K [0x00000000e0000000, 0x00000000e1500000, 0x0000000100000000)
  eden space 16384K, 100% used [0x00000000e0000000,0x00000000e1000000,0x00000000e1000000)
  from space 2560K, 0% used [0x00000000e1280000,0x00000000e1280000,0x00000000e1500000)
  to   space 2560K, 0% used [0x00000000e1000000,0x00000000e1000000,0x00000000e1280000)
 ParOldGen       total 44032K, used 0K [0x00000000a0000000, 0x00000000a2b00000, 0x00000000e0000000)
  object space 44032K, 0% used [0x00000000a0000000,0x00000000a0000000,0x00000000a2b00000)
 Metaspace       used 6084K, capacity 6326K, committed 6528K, reserved 1056768K
  class space    used 747K, capacity 815K, committed 896K, reserved 1048576K
Event: 0.621 GC heap after
Heap after GC invocations=1 (full 0):
 PSYoungGen      total 18944K, used 2553K [0x00000000e0000000, 0x00000000e1500000, 0x0000000100000000)
  eden space 16384K, 0% used [0x00000000e0000000,0x00000000e0000000,0x00000000e1000000)
  from space 2560K, 99% used [0x00000000e1000000,0x00000000e127e7c0,0x00000000e1280000)
  to   space 2560K, 0% used [0x00000000e1280000,0x00000000e1280000,0x00000000e1500000)
 ParOldGen       total 44032K, used 407K [0x00000000a0000000, 0x00000000a2b00000, 0x00000000e0000000)
  object space 44032K, 0% used [0x00000000a0000000,0x00000000a0065d88,0x00000000a2b00000)
 Metaspace       used 6084K, capacity 6326K, committed 6528K, reserved 1056768K
  class space    used 747K, capacity 815K, committed 896K, reserved 1048576K
}
Event: 0.902 GC heap before
{Heap before GC invocations=2 (full 0):
 PSYoungGen      total 18944K, used 18937K [0x00000000e0000000, 0x00000000e1500000, 0x0000000100000000)
  eden space 16384K, 100% used [0x00000000e0000000,0x00000000e1000000,0x00000000e1000000)
  from space 2560K, 99% used [0x00000000e1000000,0x00000000e127e7c0,0x00000000e1280000)
  to   space 2560K, 0% used [0x00000000e1280000,0x00000000e1280000,0x00000000e1500000)
 ParOldGen       total 44032K, used 407K [0x00000000a0000000, 0x00000000a2b00000, 0x00000000e0000000)
  object space 44032K, 0% used [0x00000000a0000000,0x00000000a0065d88,0x00000000a2b00000)
 Metaspace       used 6962K, capacity 7126K, committed 7424K, reserved 1056768K
  class space    used 846K, capacity 911K, committed 1024K, reserved 1048576K
Event: 0.907 GC heap after
Heap after GC invocations=2 (full 0):
 PSYoungGen      total 18944K, used 2544K [0x00000000e0000000, 0x00000000e2500000, 0x0000000100000000)
  eden space 16384K, 0% used [0x00000000e0000000,0x00000000e0000000,0x00000000e1000000)
  from space 2560K, 99% used [0x00000000e1280000,0x00000000e14fc0d8,0x00000000e1500000)
  to   space 2560K, 0% used [0x00000000e1000000,0x00000000e1000000,0x00000000e1280000)
 ParOldGen       total 44032K, used 580K [0x00000000a0000000, 0x00000000a2b00000, 0x00000000e0000000)
  object space 44032K, 1% used [0x00000000a0000000,0x00000000a0091078,0x00000000a2b00000)
 Metaspace       used 6962K, capacity 7126K, committed 7424K, reserved 1056768K
  class space    used 846K, capacity 911K, committed 1024K, reserved 1048576K
}
Event: 1.209 GC heap before
{Heap before GC invocations=3 (full 0):
 PSYoungGen      total 18944K, used 18928K [0x00000000e0000000, 0x00000000e2500000, 0x0000000100000000)
  eden space 16384K, 100% used [0x00000000e0000000,0x00000000e1000000,0x00000000e1000000)
  from space 2560K, 99% used [0x00000000e1280000,0x00000000e14fc0d8,0x00000000e1500000)
  to   space 2560K, 0% used [0x00000000e1000000,0x00000000e1000000,0x00000000e1280000)
 ParOldGen       total 44032K, used 580K [0x00000000a0000000, 0x00000000a2b00000, 0x00000000e0000000)
  object space 44032K, 1% used [0x00000000a0000000,0x00000000a0091078,0x00000000a2b00000)
 Metaspace       used 7250K, capacity 7440K, committed 7680K, reserved 1056768K
  class space    used 905K, capacity 952K, committed 1024K, reserved 1048576K
Event: 1.214 GC heap after
Heap after GC invocations=3 (full 0):
 PSYoungGen      total 18944K, used 2544K [0x00000000e0000000, 0x00000000e2500000, 0x0000000100000000)
  eden space 16384K, 0% used [0x00000000e0000000,0x00000000e0000000,0x00000000e1000000)
  from space 2560K, 99% used [0x00000000e1000000,0x00000000e127c010,0x00000000e1280000)
  to   space 2560K, 0% used [0x00000000e2280000,0x00000000e2280000,0x00000000e2500000)
 ParOldGen       total 44032K, used 971K [0x00000000a0000000, 0x00000000a2b00000, 0x00000000e0000000)
  object space 44032K, 2% used [0x00000000a0000000,0x00000000a00f2e68,0x00000000a2b00000)
 Metaspace       used 7250K, capacity 7440K, committed 7680K, reserved 1056768K
  class space    used 905K, capacity 952K, committed 1024K, reserved 1048576K
}
Event: 2.111 GC heap before
{Heap before GC invocations=4 (full 0):
 PSYoungGen      total 18944K, used 18928K [0x00000000e0000000, 0x00000000e2500000, 0x0000000100000000)
  eden space 16384K, 100% used [0x00000000e0000000,0x00000000e1000000,0x00000000e1000000)
  from space 2560K, 99% used [0x00000000e1000000,0x00000000e127c010,0x00000000e1280000)
  to   space 2560K, 0% used [0x00000000e2280000,0x00000000e2280000,0x00000000e2500000)
 ParOldGen       total 44032K, used 971K [0x00000000a0000000, 0x00000000a2b00000, 0x00000000e0000000)
  object space 44032K, 2% used [0x00000000a0000000,0x00000000a00f2e68,0x00000000a2b00000)
 Metaspace       used 10783K, capacity 11088K, committed 11264K, reserved 1058816K
  class space    used 1407K, capacity 1522K, committed 1536K, reserved 1048576K
Event: 2.118 GC heap after
Heap after GC invocations=4 (full 0):
 PSYoungGen      total 35328K, used 2544K [0x00000000e0000000, 0x00000000e2500000, 0x0000000100000000)
  eden space 32768K, 0% used [0x00000000e0000000,0x00000000e0000000,0x00000000e2000000)
  from space 2560K, 99% used [0x00000000e2280000,0x00000000e24fc010,0x00000000e2500000)
  to   space 2560K, 0% used [0x00000000e2000000,0x00000000e2000000,0x00000000e2280000)
 ParOldGen       total 44032K, used 3007K [0x00000000a0000000, 0x00000000a2b00000, 0x00000000e0000000)
  object space 44032K, 6% used [0x00000000a0000000,0x00000000a02efd48,0x00000000a2b00000)
 Metaspace       used 10783K, capacity 11088K, committed 11264K, reserved 1058816K
  class space    used 1407K, capacity 1522K, committed 1536K, reserved 1048576K
}
Event: 2.521 GC heap before
{Heap before GC invocations=5 (full 0):
 PSYoungGen      total 35328K, used 35312K [0x00000000e0000000, 0x00000000e2500000, 0x0000000100000000)
  eden space 32768K, 100% used [0x00000000e0000000,0x00000000e2000000,0x00000000e2000000)
  from space 2560K, 99% used [0x00000000e2280000,0x00000000e24fc010,0x00000000e2500000)
  to   space 2560K, 0% used [0x00000000e2000000,0x00000000e2000000,0x00000000e2280000)
 ParOldGen       total 44032K, used 3007K [0x00000000a0000000, 0x00000000a2b00000, 0x00000000e0000000)
  object space 44032K, 6% used [0x00000000a0000000,0x00000000a02efd48,0x00000000a2b00000)
 Metaspace       used 14034K, capacity 14424K, committed 14720K, reserved 1062912K
  class space    used 1957K, capacity 2094K, committed 2176K, reserved 1048576K
Event: 2.531 GC heap after
Heap after GC invocations=5 (full 0):
 PSYoungGen      total 35328K, used 2528K [0x00000000e0000000, 0x00000000e4d00000, 0x0000000100000000)
  eden space 32768K, 0% used [0x00000000e0000000,0x00000000e0000000,0x00000000e2000000)
  from space 2560K, 98% used [0x00000000e2000000,0x00000000e2278040,0x00000000e2280000)
  to   space 6656K, 0% used [0x00000000e4680000,0x00000000e4680000,0x00000000e4d00000)
 ParOldGen       total 44032K, used 6687K [0x00000000a0000000, 0x00000000a2b00000, 0x00000000e0000000)
  object space 44032K, 15% used [0x00000000a0000000,0x00000000a0687d30,0x00000000a2b00000)
 Metaspace       used 14034K, capacity 14424K, committed 14720K, reserved 1062912K
  class space    used 1957K, capacity 2094K, committed 2176K, reserved 1048576K
}

Deoptimization events (10 events):
Event: 2.164 Thread 0x0000000019807000 Uncommon trap: reason=unstable_if action=reinterpret pc=0x000000000307a944 method=java.util.concurrent.ConcurrentHashMap.putVal(Ljava/lang/Object;Ljava/lang/Object;Z)Ljava/lang/Object; @ 206
Event: 2.241 Thread 0x000000001955d800 Uncommon trap: reason=bimorphic action=maybe_recompile pc=0x0000000002fb6aa4 method=java.util.HashMap.putVal(ILjava/lang/Object;Ljava/lang/Object;ZZ)Ljava/lang/Object; @ 253
Event: 2.242 Thread 0x000000001955d800 Uncommon trap: reason=bimorphic action=maybe_recompile pc=0x0000000002fb6aa4 method=java.util.HashMap.putVal(ILjava/lang/Object;Ljava/lang/Object;ZZ)Ljava/lang/Object; @ 253
Event: 2.242 Thread 0x000000001955d800 Uncommon trap: reason=bimorphic action=maybe_recompile pc=0x0000000002fb6aa4 method=java.util.HashMap.putVal(ILjava/lang/Object;Ljava/lang/Object;ZZ)Ljava/lang/Object; @ 253
Event: 2.449 Thread 0x000000001955d800 Uncommon trap: reason=class_check action=maybe_recompile pc=0x0000000002f07620 method=java.util.regex.Matcher.match(II)Z @ 86
Event: 2.449 Thread 0x000000001955d800 Uncommon trap: reason=class_check action=maybe_recompile pc=0x0000000002f07620 method=java.util.regex.Matcher.match(II)Z @ 86
Event: 2.584 Thread 0x000000001955d800 Uncommon trap: reason=unstable_if action=reinterpret pc=0x00000000030e8fb4 method=java.lang.String.lastIndexOf([CII[CIII)I @ 66
Event: 3.029 Thread 0x000000001955d800 Uncommon trap: reason=unstable_if action=reinterpret pc=0x0000000002dda3c8 method=java.net.URI.match(CJJ)Z @ 19
Event: 3.030 Thread 0x000000001955d800 Uncommon trap: reason=unstable_if action=reinterpret pc=0x0000000002eb3340 method=java.net.URI.match(CJJ)Z @ 19
Event: 3.128 Thread 0x000000001955d800 Uncommon trap: reason=unstable_if action=reinterpret pc=0x0000000002f15d98 method=java.io.File.getName()Ljava/lang/String; @ 16

Classes redefined (0 events):
No events

Internal exceptions (10 events):
Event: 2.182 Thread 0x0000000019807000 Exception <a 'java/lang/NoSuchMethodError': <clinit>> (0x00000000e040fa00) thrown at [D:\src\AOSP-openjdk-cygwin\jdk8u\hotspot\src\share\vm\prims\jni.cpp, line 1613]
Event: 2.183 Thread 0x0000000019807000 Exception <a 'java/lang/NoSuchMethodError': <clinit>> (0x00000000e04184c8) thrown at [D:\src\AOSP-openjdk-cygwin\jdk8u\hotspot\src\share\vm\prims\jni.cpp, line 1613]
Event: 2.184 Thread 0x0000000019807000 Exception <a 'java/lang/NoSuchMethodError': <clinit>> (0x00000000e0429b70) thrown at [D:\src\AOSP-openjdk-cygwin\jdk8u\hotspot\src\share\vm\prims\jni.cpp, line 1613]
Event: 2.196 Thread 0x0000000019807000 Exception <a 'java/lang/NoSuchMethodError': <clinit>> (0x00000000e04a2920) thrown at [D:\src\AOSP-openjdk-cygwin\jdk8u\hotspot\src\share\vm\prims\jni.cpp, line 1613]
Event: 2.200 Thread 0x0000000019807000 Exception <a 'java/lang/NoSuchMethodError': <clinit>> (0x00000000e04c76e0) thrown at [D:\src\AOSP-openjdk-cygwin\jdk8u\hotspot\src\share\vm\prims\jni.cpp, line 1613]
Event: 2.203 Thread 0x0000000019807000 Exception <a 'java/lang/NoSuchMethodError': <clinit>> (0x00000000e04e1fe8) thrown at [D:\src\AOSP-openjdk-cygwin\jdk8u\hotspot\src\share\vm\prims\jni.cpp, line 1613]
Event: 2.205 Thread 0x0000000019807000 Exception <a 'java/lang/NoSuchMethodError': <clinit>> (0x00000000e04eda28) thrown at [D:\src\AOSP-openjdk-cygwin\jdk8u\hotspot\src\share\vm\prims\jni.cpp, line 1613]
Event: 2.208 Thread 0x0000000019807000 Exception <a 'java/lang/NoSuchMethodError': <clinit>> (0x00000000e0511fe8) thrown at [D:\src\AOSP-openjdk-cygwin\jdk8u\hotspot\src\share\vm\prims\jni.cpp, line 1613]
Event: 2.230 Thread 0x000000001955d800 Exception <a 'java/lang/NoSuchMethodError': <clinit>> (0x00000000e05e4468) thrown at [D:\src\AOSP-openjdk-cygwin\jdk8u\hotspot\src\share\vm\prims\jni.cpp, line 1613]
Event: 2.231 Thread 0x000000001955d800 Exception <a 'java/lang/NoSuchMethodError': <clinit>> (0x00000000e05ec6f0) thrown at [D:\src\AOSP-openjdk-cygwin\jdk8u\hotspot\src\share\vm\prims\jni.cpp, line 1613]

Events (10 events):
Event: 3.141 loading class org/gradle/tooling/internal/provider/events/DefaultSuccessResult
Event: 3.141 loading class org/gradle/tooling/internal/provider/events/DefaultSuccessResult done
Event: 3.141 loading class org/gradle/tooling/internal/provider/runner/ClientForwardingTaskOperationListener
Event: 3.141 loading class org/gradle/tooling/internal/provider/runner/ClientForwardingTaskOperationListener done
Event: 3.142 loading class org/gradle/tooling/internal/provider/events/AbstractTaskResult
Event: 3.142 loading class org/gradle/tooling/internal/provider/events/AbstractTaskResult done
Event: 3.142 loading class org/gradle/tooling/internal/protocol/events/InternalTaskResult
Event: 3.143 loading class org/gradle/tooling/internal/protocol/events/InternalTaskResult done
Event: 3.143 loading class org/gradle/tooling/internal/provider/events/DefaultTaskSuccessResult
Event: 3.143 loading class org/gradle/tooling/internal/provider/events/DefaultTaskSuccessResult done


Dynamic libraries:
0x00007ff61dde0000 - 0x00007ff61de11000 	C:\Program Files\Android\Android Studio\jre\bin\java.exe
0x00007fffb37f0000 - 0x00007fffb39d1000 	C:\Windows\SYSTEM32\ntdll.dll
0x00007fffb27a0000 - 0x00007fffb2851000 	C:\Windows\System32\KERNEL32.DLL
0x00007fffafd60000 - 0x00007fffaffd3000 	C:\Windows\System32\KERNELBASE.dll
0x00007fffb36a0000 - 0x00007fffb3741000 	C:\Windows\System32\ADVAPI32.dll
0x00007fffb2700000 - 0x00007fffb279e000 	C:\Windows\System32\msvcrt.dll
0x00007fffb3000000 - 0x00007fffb305b000 	C:\Windows\System32\sechost.dll
0x00007fffb2ed0000 - 0x00007fffb2ff4000 	C:\Windows\System32\RPCRT4.dll
0x00007fffb0c80000 - 0x00007fffb0e10000 	C:\Windows\System32\USER32.dll
0x00007fffb0c60000 - 0x00007fffb0c80000 	C:\Windows\System32\win32u.dll
0x00007fffb29e0000 - 0x00007fffb2a08000 	C:\Windows\System32\GDI32.dll
0x00007fffb0ac0000 - 0x00007fffb0c52000 	C:\Windows\System32\gdi32full.dll
0x00007fffafcc0000 - 0x00007fffafd5f000 	C:\Windows\System32\msvcp_win.dll
0x00007fffafbc0000 - 0x00007fffafcb8000 	C:\Windows\System32\ucrtbase.dll
0x00007fff9ce30000 - 0x00007fff9d099000 	C:\Windows\WinSxS\amd64_microsoft.windows.common-controls_6595b64144ccf1df_6.0.17134.706_none_fb43a2cb30647007\COMCTL32.dll
0x00007fffb32d0000 - 0x00007fffb35f2000 	C:\Windows\System32\combase.dll
0x00007fffb0800000 - 0x00007fffb087a000 	C:\Windows\System32\bcryptPrimitives.dll
0x00007fffb3600000 - 0x00007fffb362d000 	C:\Windows\System32\IMM32.DLL
0x000000006dcb0000 - 0x000000006dd82000 	C:\Program Files\Android\Android Studio\jre\jre\bin\msvcr100.dll
0x000000006de70000 - 0x000000006e6b1000 	C:\Program Files\Android\Android Studio\jre\jre\bin\server\jvm.dll
0x00007fffb2550000 - 0x00007fffb2558000 	C:\Windows\System32\PSAPI.DLL
0x00007fffab600000 - 0x00007fffab609000 	C:\Windows\SYSTEM32\WSOCK32.dll
0x00007fffa0f70000 - 0x00007fffa0f7a000 	C:\Windows\SYSTEM32\VERSION.dll
0x00007fffadc70000 - 0x00007fffadc93000 	C:\Windows\SYSTEM32\WINMM.dll
0x00007fffb3630000 - 0x00007fffb369c000 	C:\Windows\System32\WS2_32.dll
0x00007fffadb60000 - 0x00007fffadb8a000 	C:\Windows\SYSTEM32\winmmbase.dll
0x00007fffb0a70000 - 0x00007fffb0ab9000 	C:\Windows\System32\cfgmgr32.dll
0x00007fff83800000 - 0x00007fff8380f000 	C:\Program Files\Android\Android Studio\jre\jre\bin\verify.dll
0x00007fff73170000 - 0x00007fff73199000 	C:\Program Files\Android\Android Studio\jre\jre\bin\java.dll
0x00007fff73150000 - 0x00007fff73166000 	C:\Program Files\Android\Android Studio\jre\jre\bin\zip.dll
0x00007fffb0e10000 - 0x00007fffb2250000 	C:\Windows\System32\SHELL32.dll
0x00007fffb3150000 - 0x00007fffb31f9000 	C:\Windows\System32\shcore.dll
0x00007fffb0040000 - 0x00007fffb074d000 	C:\Windows\System32\windows.storage.dll
0x00007fffb2a10000 - 0x00007fffb2a61000 	C:\Windows\System32\shlwapi.dll
0x00007fffafb00000 - 0x00007fffafb11000 	C:\Windows\System32\kernel.appcore.dll
0x00007fffafb70000 - 0x00007fffafb8f000 	C:\Windows\System32\profapi.dll
0x00007fffafb20000 - 0x00007fffafb6c000 	C:\Windows\System32\powrprof.dll
0x00007fffafb90000 - 0x00007fffafb9a000 	C:\Windows\System32\FLTLIB.DLL
0x00007fff71660000 - 0x00007fff7167a000 	C:\Program Files\Android\Android Studio\jre\jre\bin\net.dll
0x00007fffaf320000 - 0x00007fffaf386000 	C:\Windows\system32\mswsock.dll
0x00007fff71640000 - 0x00007fff71651000 	C:\Program Files\Android\Android Studio\jre\jre\bin\nio.dll
0x00007fffa25d0000 - 0x00007fffa25ee000 	C:\Users\USUARIO\.gradle\native\25\windows-amd64\native-platform.dll
0x00007fff8fc50000 - 0x00007fff8fc5d000 	C:\Program Files\Android\Android Studio\jre\jre\bin\management.dll
0x00007fffaf4e0000 - 0x00007fffaf4f7000 	C:\Windows\SYSTEM32\CRYPTSP.dll
0x00007fffaef00000 - 0x00007fffaef33000 	C:\Windows\system32\rsaenh.dll
0x00007fffaf600000 - 0x00007fffaf625000 	C:\Windows\SYSTEM32\bcrypt.dll
0x00007fffafa30000 - 0x00007fffafa58000 	C:\Windows\SYSTEM32\USERENV.dll
0x00007fffaf4d0000 - 0x00007fffaf4db000 	C:\Windows\SYSTEM32\CRYPTBASE.dll
0x00007fffaf0a0000 - 0x00007fffaf0d8000 	C:\Windows\SYSTEM32\IPHLPAPI.DLL
0x00007fffb37b0000 - 0x00007fffb37b8000 	C:\Windows\System32\NSI.dll
0x00007fffaa170000 - 0x00007fffaa186000 	C:\Windows\SYSTEM32\dhcpcsvc6.DLL
0x00007fffaab50000 - 0x00007fffaab6a000 	C:\Windows\SYSTEM32\dhcpcsvc.DLL

VM Arguments:
jvm_args: -Xmx1536m -Dfile.encoding=windows-1252 -Duser.country=CO -Duser.language=es -Duser.variant 
java_command: org.gradle.launcher.daemon.bootstrap.GradleDaemon 4.6
java_class_path (initial): C:\Users\USUARIO\.gradle\wrapper\dists\gradle-4.6-all\bcst21l2brirad8k2ben1letg\gradle-4.6\lib\gradle-launcher-4.6.jar
Launcher Type: SUN_STANDARD

Environment Variables:
JAVA_HOME=C:\Program Files\Java\jdk1.8.0_191
PATH=C:\Program Files (x86)\Common Files\Intel\Shared Libraries\redist\intel64\compiler;C:\Program Files (x86)\Common Files\Oracle\Java\javapath;C:\Program Files (x86)\Intel\Intel(R) Management Engine Components\iCLS\;C:\Program Files\Intel\Intel(R) Management Engine Components\iCLS\;C:\Windows\system32;C:\Windows;C:\Windows\System32\Wbem;C:\Windows\System32\WindowsPowerShell\v1.0\;C:\Windows\System32\OpenSSH\;C:\Program Files (x86)\Intel\Intel(R) Management Engine Components\DAL;C:\Program Files\Intel\Intel(R) Management Engine Components\DAL;C:\Program Files (x86)\Intel\Intel(R) Management Engine Components\IPT;C:\Program Files\Intel\Intel(R) Management Engine Components\IPT;C:\Program Files\Git\cmd;C:\xampp\php;C:\ProgramData\ComposerSetup\bin;C:\Program Files\Java\jre1.8.0_191\bin;C:\Program Files\Java\jdk1.8.0_191\bin;C:\Users\USUARIO\AppData\Local\Android\android-sdk\build-tools;C:\Users\USUARIO\AppData\Local\Android\android-sdk\platform-tools;C:\Users\USUARIO\AppData\Local\Android\android-sdk\tools;C:\Users\USUARIO\AppData\Local\Android\android-sdk\platforms;C:\Program Files\nodejs\;C:\apache-maven-3.6.1\bin;C:\Users\USUARIO\AppData\Local\Microsoft\WindowsApps;C:\Users\USUARIO\AppData\Roaming\Composer\vendor\bin;C:\Users\USUARIO\AppData\Roaming\npm
USERNAME=USUARIO
OS=Windows_NT
PROCESSOR_IDENTIFIER=Intel64 Family 6 Model 78 Stepping 3, GenuineIntel



---------------  S Y S T E M  ---------------

OS: Windows 10.0 , 64 bit Build 17134 (10.0.17134.706)

CPU:total 4 (initial active 4) (2 cores per cpu, 2 threads per core) family 6 model 78 stepping 3, cmov, cx8, fxsr, mmx, sse, sse2, sse3, ssse3, sse4.1, sse4.2, popcnt, avx, avx2, aes, clmul, erms, 3dnowpref, lzcnt, ht, tsc, tscinvbit, bmi1, bmi2, adx

Memory: 4k page, physical 4097952k(192340k free), swap 4097952k(6300k free)

vm_info: OpenJDK 64-Bit Server VM (25.152-b06) for windows-amd64 JRE (1.8.0_152-release-1136-b06), built by "builder" with MS VC++ 10.0 (VS2010)

time: Sun May 26 01:28:39 2019
elapsed time: 3 seconds (0d 0h 0m 3s)

